Time,Converged Residual,Component,Mass (kg),Pressure (kg/ms^2),Density (kg/m^3),Temperature (K)
0.0,6.090631546211406e-10,Pressurant Tank,3.9840129156758977,3447380.0,39.84012915675898,293.15
0.0,6.090631546211406e-10,Pipe,N/A,N/A,N/A,N/A
0.0,6.090631546211406e-10,Chamber,2.3868067512563744,2068428.0,23.868067512563744,293.15
0.0,6.090631546211406e-10,Pipe,N/A,N/A,N/A,N/A
0.0,6.090631546211406e-10,Pressure Outlet,N/A,689476.0,7.936636396007915,N/A
0.5,8.142345451711642e-12,Pressurant Tank,3.911498026198174,3356023.380407723,39.11498026198174,290.846893266276
0.5,8.142345451711642e-12,Pipe,N/A,N/A,N/A,N/A
0.5,8.142345451711642e-12,Chamber,2.415779861352747,2104605.998241233,24.15779861352747,294.6352476001372
0.5,8.142345451711642e-12,Pipe,N/A,N/A,N/A,N/A
0.5,8.142345451711642e-12,Pressure Outlet,N/A,689476.0,7.936636396007915,N/A
1.0,1.263577257842842e-11,Pressurant Tank,3.8418984779673577,3269095.3501496636,38.41898477967357,288.61078310923705
1.0,1.263577257842842e-11,Pipe,N/A,N/A,N/A,N/A
1.0,1.263577257842842e-11,Chamber,2.4411899930265433,2136495.301678098,24.41189993026543,295.92888252330556
1.0,1.263577257842842e-11,Pipe,N/A,N/A,N/A,N/A
1.0,1.263577257842842e-11,Pressure Outlet,N/A,689476.0,7.936636396007915,N/A
1.5,1.514875862436113e-11,Pressurant Tank,3.7752206128214874,3186516.720410056,37.75220612821487,286.4444398266501
1.5,1.514875862436113e-11,Pipe,N/A,N/A,N/A,N/A
1.5,1.514875862436113e-11,Chamber,2.463111123369311,2164125.6956076655,24.631111233693108,297.03826648549955
1.5,1.514875862436113e-11,Pipe,N/A,N/A,N/A,N/A
1.5,1.514875862436113e-11,Pressure Outlet,N/A,689476.0,7.936636396007915,N/A
2.0,0.0007582773060319476,Pressurant Tank,3.7114586795172384,3108195.7810461875,37.11458679517238,284.35023557717767
2.0,0.0007582773060319476,Pipe,N/A,N/A,N/A,N/A
2.0,0.0007582773060319476,Chamber,2.481627347012724,2187550.411303192,24.81627347012724,297.97061859874015
2.0,0.0007582773060319476,Pipe,N/A,N/A,N/A,N/A
2.0,0.0007582773060319476,Pressure Outlet,N/A,689476.0,7.936636396007915,N/A
2.5,0.038798754303137804,Pressurant Tank,3.649859734897371,3033136.699967866,36.49859734897371,282.3055801928175
2.5,0.038798754303137804,Pipe,N/A,N/A,N/A,N/A
2.5,0.038798754303137804,Chamber,2.497612767138371,2207836.527529411,24.97612767138371,298.772098834278
2.5,0.038798754303137804,Pipe,N/A,N/A,N/A,N/A
2.5,0.038798754303137804,Pressure Outlet,N/A,689476.0,7.936636396007915,N/A
3.0,0.00359783442430009,Pressurant Tank,3.5895682250677954,2960251.0337736257,35.89568225067795,280.2833755346507
3.0,0.00359783442430009,Pipe,N/A,N/A,N/A,N/A
3.0,0.00359783442430009,Chamber,2.5120303047974506,2226182.8951084814,25.120303047974506,299.49225901369175
3.0,0.00359783442430009,Pipe,N/A,N/A,N/A,N/A
3.0,0.00359783442430009,Pressure Outlet,N/A,689476.0,7.936636396007915,N/A
3.5,0.005452360631325655,Pressurant Tank,3.530525864650137,2889436.2480213884,35.30525864650137,278.2825136668235
3.5,0.005452360631325655,Pipe,N/A,N/A,N/A,N/A
3.5,0.005452360631325655,Chamber,2.524861462475502,2242550.3210030696,25.248614624755017,300.1310368412277
3.5,0.005452360631325655,Pipe,N/A,N/A,N/A,N/A
3.5,0.005452360631325655,Pressure Outlet,N/A,689476.0,7.936636396007915,N/A
4.0,8.757063778255691e-14,Pressurant Tank,3.472253030704622,2820092.8366705696,34.72253030704622,276.2873129434358
4.0,8.757063778255691e-14,Pipe,N/A,N/A,N/A,N/A
4.0,8.757063778255691e-14,Chamber,2.53685480343681,2257882.7527276976,25.368548034368096,300.7262926384771
4.0,8.757063778255691e-14,Pipe,N/A,N/A,N/A,N/A
4.0,8.757063778255691e-14,Pressure Outlet,N/A,689476.0,7.936636396007915,N/A
4.5,1.022592190219547e-11,Pressurant Tank,3.418210717806833,2756274.855662132,34.18210717806833,274.4184576097294
4.5,1.022592190219547e-11,Pipe,N/A,N/A,N/A,N/A
4.5,1.022592190219547e-11,Chamber,2.544008908531836,2267044.20311152,25.440089085318355,301.08054693046563
4.5,1.022592190219547e-11,Pipe,N/A,N/A,N/A,N/A
4.5,1.022592190219547e-11,Pressure Outlet,N/A,689476.0,7.936636396007915,N/A
5.0,6.736670592523346e-12,Pressurant Tank,3.3681984221637706,2697640.20417122,33.681984221637705,272.672751040272
5.0,6.736670592523346e-12,Pipe,N/A,N/A,N/A,N/A
5.0,6.736670592523346e-12,Chamber,2.546973813049965,2270844.4336304064,25.46973813049965,301.22718468968327
5.0,6.736670592523346e-12,Pipe,N/A,N/A,N/A,N/A
5.0,6.736670592523346e-12,Pressure Outlet,N/A,689476.0,7.936636396007915,N/A
5.5,4.3862560779137365e-12,Pressurant Tank,3.3218358134599386,2643651.364068798,33.218358134599384,271.04022504118825
5.5,4.3862560779137365e-12,Pipe,N/A,N/A,N/A,N/A
5.5,4.3862560779137365e-12,Chamber,2.5462230661784266,2269881.978745066,25.462230661784265,301.1900635312764
5.5,4.3862560779137365e-12,Pipe,N/A,N/A,N/A,N/A
5.5,4.3862560779137365e-12,Pressure Outlet,N/A,689476.0,7.936636396007915,N/A
6.0,2.7764942666028026e-12,Pressurant Tank,3.278754817993705,2593802.442414827,32.78754817993705,269.51075156344933
6.0,2.7764942666028026e-12,Pipe,N/A,N/A,N/A,N/A
6.0,2.7764942666028026e-12,Chamber,2.5422074087032813,2264736.045245939,25.42207408703281,300.9913873539471
6.0,2.7764942666028026e-12,Pipe,N/A,N/A,N/A,N/A
6.0,2.7764942666028026e-12,Pressure Outlet,N/A,689476.0,7.936636396007915,N/A
6.5,1.6413929836722878e-12,Pressurant Tank,3.2386011720521495,2547618.7311765775,32.386011720521495,268.07416132956683
6.5,1.6413929836722878e-12,Pipe,N/A,N/A,N/A,N/A
6.5,1.6413929836722878e-12,Chamber,2.5353537467668783,2255961.6582295564,25.353537467668783,300.6518437148857
6.5,1.6413929836722878e-12,Pipe,N/A,N/A,N/A,N/A
6.5,1.6413929836722878e-12,Pressure Outlet,N/A,689476.0,7.936636396007915,N/A
7.0,8.213204406301007e-13,Pressurant Tank,3.2010367398968835,2504657.3145836135,32.01036739896883,266.7203883386815
7.0,8.213204406301007e-13,Pipe,N/A,N/A,N/A,N/A
7.0,8.213204406301007e-13,Chamber,2.5260633770517464,2244084.568819083,25.26063377051746,300.1906640924472
7.0,8.213204406301007e-13,Pipe,N/A,N/A,N/A,N/A
7.0,8.213204406301007e-13,Pressure Outlet,N/A,689476.0,7.936636396007915,N/A
7.5,2.817423555457858e-13,Pressurant Tank,3.165742404978911,2464508.477575418,31.65742404978911,265.43963368874574
7.5,2.817423555457858e-13,Pipe,N/A,N/A,N/A,N/A
7.5,2.817423555457858e-13,Chamber,2.514709674125423,2229596.122709412,25.147096741254227,299.6256227512078
7.5,2.817423555457858e-13,Pipe,N/A,N/A,N/A,N/A
7.5,2.817423555457858e-13,Pressure Outlet,N/A,689476.0,7.936636396007915,N/A
8.0,2.425346990044432e-11,Pressurant Tank,3.1324212033228243,2426797.520553373,31.324212033228243,264.22253674534454
8.0,2.425346990044432e-11,Pipe,N/A,N/A,N/A,N/A
8.0,2.425346990044432e-11,Chamber,2.501635584379409,2212948.4691859162,25.01635584379409,298.97299531216714
8.0,2.425346990044432e-11,Pipe,N/A,N/A,N/A,N/A
8.0,2.425346990044432e-11,Pressure Outlet,N/A,689476.0,7.936636396007915,N/A
8.5,2.4104741163062217e-11,Pressurant Tank,3.1008012688684343,2391186.485702452,31.008012688684342,263.06033764310894
8.5,2.4104741163062217e-11,Pipe,N/A,N/A,N/A,N/A
8.5,2.4104741163062217e-11,Chamber,2.487151361771706,2194550.6040021954,24.871513617717056,298.24750225382655
8.5,2.4104741163062217e-11,Pipe,N/A,N/A,N/A,N/A
8.5,2.4104741163062217e-11,Pressure Outlet,N/A,689476.0,7.936636396007915,N/A
9.0,2.7577243509751527e-11,Pressurant Tank,3.0706381452450255,2357375.294998456,30.706381452450255,261.9450141117646
9.0,2.7577243509751527e-11,Pipe,N/A,N/A,N/A,N/A
9.0,2.7577243509751527e-11,Chamber,2.4715329859007977,2174765.735681355,24.715329859007976,297.4622630767187
9.0,2.7577243509751527e-11,Pipe,N/A,N/A,N/A,N/A
9.0,2.7577243509751527e-11,Pressure Outlet,N/A,689476.0,7.936636396007915,N/A
9.5,2.1297930355026488e-11,Pressurant Tank,3.0417161068277463,2325101.908803574,30.417161068277462,260.86937853906505
9.5,2.1297930355026488e-11,Pipe,N/A,N/A,N/A,N/A
9.5,2.1297930355026488e-11,Chamber,2.455021604581477,2153910.3263259255,24.550216045814768,296.6287824895097
9.5,2.1297930355026488e-11,Pipe,N/A,N/A,N/A,N/A
9.5,2.1297930355026488e-11,Pressure Outlet,N/A,689476.0,7.936636396007915,N/A
10.0,1.0819513024982347e-11,Pressurant Tank,3.0138483046280085,2294141.312125653,30.138483046280083,259.827127425433
10.0,1.0819513024982347e-11,Pipe,N/A,N/A,N/A,N/A
10.0,1.0819513024982347e-11,Chamber,2.4378241629052475,2132254.9195673172,24.378241629052475,295.7569814114217
10.0,1.0819513024982347e-11,Pipe,N/A,N/A,N/A,N/A
10.0,1.0819513024982347e-11,Pressure Outlet,N/A,689476.0,7.936636396007915,N/A
10.5,5.337951928051837e-12,Pressurant Tank,2.9868757570997557,2264303.363185353,29.868757570997555,258.8128430637945
10.5,5.337951928051837e-12,Pipe,N/A,N/A,N/A,N/A
10.5,5.337951928051837e-12,Chamber,2.420115172521252,2110026.6032162197,24.20115172521252,294.85527521831426
10.5,5.337951928051837e-12,Pipe,N/A,N/A,N/A,N/A
10.5,5.337951928051837e-12,Pressure Outlet,N/A,689476.0,7.936636396007915,N/A
11.0,2.3923165080117584e-12,Pressurant Tank,2.960665380707104,2235429.728007638,29.60665380707104,257.82195407338753
11.0,2.3923165080117584e-12,Pipe,N/A,N/A,N/A,N/A
11.0,2.3923165080117584e-12,Chamber,2.4020394012327912,2087412.7432935596,24.020394012327912,293.9306925218165
11.0,2.3923165080117584e-12,Pipe,N/A,N/A,N/A,N/A
11.0,2.3923165080117584e-12,Pressure Outlet,N/A,689476.0,7.936636396007915,N/A
11.5,9.068386539943323e-13,Pressurant Tank,2.935107358405914,2207390.2313587777,29.35107358405914,256.85066567356876
11.5,9.068386539943323e-13,Pipe,N/A,N/A,N/A,N/A
11.5,9.068386539943323e-13,Chamber,2.3837151645364587,2064565.518363075,23.837151645364585,292.9890219977713
11.5,9.068386539943323e-13,Pipe,N/A,N/A,N/A,N/A
11.5,9.068386539943323e-13,Pressure Outlet,N/A,689476.0,7.936636396007915,N/A
12.0,3.042523806274005e-13,Pressurant Tank,2.910112166859546,2180078.9711606065,29.101121668595457,255.89587183730097
12.0,3.042523806274005e-13,Pipe,N/A,N/A,N/A,N/A
12.0,3.042523806274005e-13,Chamber,2.365237885108145,2041606.7836266784,23.652378851081448,292.0349729778793
12.0,3.042523806274005e-13,Pipe,N/A,N/A,N/A,N/A
12.0,3.042523806274005e-13,Pressure Outlet,N/A,689476.0,7.936636396007915,N/A
12.5,2.2501352232745788e-13,Pressurant Tank,2.885607543426029,2153410.4929196285,28.856075434260287,254.95506029865848
12.5,2.2501352232745788e-13,Pipe,N/A,N/A,N/A,N/A
12.5,2.2501352232745788e-13,Chamber,2.346683633388485,2018632.8732562966,23.466836333884846,291.0723369036213
12.5,2.2501352232745788e-13,Pipe,N/A,N/A,N/A,N/A
12.5,2.2501352232745788e-13,Pressure Outlet,N/A,689476.0,7.936636396007915,N/A
13.0,2.287108303211753e-13,Pressurant Tank,2.861535601333585,2127316.236547782,28.615356013335848,254.02621886809325
13.0,2.287108303211753e-13,Pipe,N/A,N/A,N/A,N/A
13.0,2.287108303211753e-13,Chamber,2.3281124413661347,1995719.064877322,23.281124413661345,290.1041399083504
13.0,2.287108303211753e-13,Pipe,N/A,N/A,N/A,N/A
13.0,2.287108303211753e-13,Pressure Outlet,N/A,689476.0,7.936636396007915,N/A
13.5,2.1770403534001239e-13,Pressurant Tank,2.8378502228365496,2101741.37988319,28.378502228365495,253.10774864028573
13.5,2.1770403534001239e-13,Pipe,N/A,N/A,N/A,N/A
13.5,2.1770403534001239e-13,Chamber,2.3095712648594655,1972923.5461581028,23.095712648594652,289.1327804137861
13.5,2.1770403534001239e-13,Pipe,N/A,N/A,N/A,N/A
13.5,2.1770403534001239e-13,Pressure Outlet,N/A,689476.0,7.936636396007915,N/A
14.0,2.18160165907806e-13,Pressurant Tank,2.814514792542924,2076642.1294124657,28.14514792542924,252.19838712938153
14.0,2.18160165907806e-13,Pipe,N/A,N/A,N/A,N/A
14.0,2.18160165907806e-13,Chamber,2.2910965399375423,1950290.818825675,22.91096539937542,288.1601488252217
14.0,2.18160165907806e-13,Pipe,N/A,N/A,N/A,N/A
14.0,2.18160165907806e-13,Pressure Outlet,N/A,689476.0,7.936636396007915,N/A
14.5,2.3319500416632835e-13,Pressurant Tank,2.7915002835116307,2051983.4560324617,27.915002835116304,251.29714243374403
14.5,2.3319500416632835e-13,Pipe,N/A,N/A,N/A,N/A
14.5,2.3319500416632835e-13,Chamber,2.2727163299015887,1927854.5426912974,22.727163299015885,287.1877287978701
14.5,2.3319500416632835e-13,Pipe,N/A,N/A,N/A,N/A
14.5,2.3319500416632835e-13,Pressure Outlet,N/A,689476.0,7.936636396007915,N/A
15.0,2.5318552786896397e-13,Pressurant Tank,2.76878367716335,2027737.241477787,27.687836771633496,250.40323824999993
15.0,2.5318552786896397e-13,Pipe,N/A,N/A,N/A,N/A
15.0,2.5318552786896397e-13,Chamber,2.2544520908698615,1905639.8630856774,22.544520908698615,286.21668108729574
15.0,2.5318552786896397e-13,Pipe,N/A,N/A,N/A,N/A
15.0,2.5318552786896397e-13,Pressure Outlet,N/A,689476.0,7.936636396007915,N/A
15.5,2.7221790727219726e-13,Pressurant Tank,2.746346681127117,2003880.7850151653,27.463466811271168,249.51606881849062
15.5,2.7221790727219726e-13,Pipe,N/A,N/A,N/A,N/A
15.5,2.7221790727219726e-13,Chamber,2.2363201003017386,1883665.285271837,22.363201003017384,285.24791183350106
15.5,2.7221790727219726e-13,Pipe,N/A,N/A,N/A,N/A
15.5,2.7221790727219726e-13,Pressure Outlet,N/A,689476.0,7.936636396007915,N/A
16.0,2.884042102028998e-13,Pressurant Tank,2.7241747025488605,1980395.615125148,27.241747025488603,248.63516254046962
16.0,2.884042102028998e-13,Pipe,N/A,N/A,N/A,N/A
16.0,2.884042102028998e-13,Chamber,2.218332598406081,1861944.1654716283,22.183325984060808,284.2821274596525
16.0,2.884042102028998e-13,Pipe,N/A,N/A,N/A,N/A
16.0,2.884042102028998e-13,Pressure Outlet,N/A,689476.0,7.936636396007915,N/A
16.5,3.017780335308765e-13,Pressurant Tank,2.702256034264546,1957266.552778978,27.02256034264546,247.760152922646
16.5,3.017780335308765e-13,Pipe,N/A,N/A,N/A,N/A
16.5,3.017780335308765e-13,Chamber,2.2004986913934554,1840485.8856974419,22.00498691393455,283.3198783764458
16.5,3.017780335308765e-13,Pipe,N/A,N/A,N/A,N/A
16.5,3.017780335308765e-13,Pressure Outlet,N/A,689476.0,7.936636396007915,N/A
17.0,3.131862758845521e-13,Pressurant Tank,2.6805812146761476,1934480.9783374476,26.805812146761475,246.8907555688908
17.0,3.131862758845521e-13,Pipe,N/A,N/A,N/A,N/A
17.0,3.131862758845521e-13,Chamber,2.1828250610103734,1819296.7727175069,21.828250610103733,282.36159351352165
17.0,3.131862758845521e-13,Pipe,N/A,N/A,N/A,N/A
17.0,3.131862758845521e-13,Pressure Outlet,N/A,689476.0,7.936636396007915,N/A
17.5,3.230173114454116e-13,Pressurant Tank,2.659142527198193,1912028.2609147104,26.59142527198193,246.02675007722496
17.5,3.230173114454116e-13,Pipe,N/A,N/A,N/A,N/A
17.5,3.230173114454116e-13,Chamber,2.1653165187792376,1798380.8128862146,21.653165187792375,281.4076074473566
17.5,3.230173114454116e-13,Pipe,N/A,N/A,N/A,N/A
17.5,3.230173114454116e-13,Pressure Outlet,N/A,689476.0,7.936636396007915,N/A
18.0,3.3174891552782244e-13,Pressurant Tank,2.637933610563338,1889899.31599228,26.379336105633378,245.16796586531365
18.0,3.3174891552782244e-13,Pipe,N/A,N/A,N/A,N/A
18.0,3.3174891552782244e-13,Chamber,2.147976437095674,1777740.205831721,21.47976437095674,280.4581816210458
18.0,3.3174891552782244e-13,Pipe,N/A,N/A,N/A,N/A
18.0,3.3174891552782244e-13,Pressure Outlet,N/A,689476.0,7.936636396007915,N/A
18.5,3.399302215327723e-13,Pressurant Tank,2.6169491564247833,1868086.263466163,26.16949156424783,244.3142711123816
18.5,3.399302215327723e-13,Pipe,N/A,N/A,N/A,N/A
18.5,3.399302215327723e-13,Chamber,2.130807083473419,1757375.7919483874,21.308070834734192,279.513520889218
18.5,3.399302215327723e-13,Pipe,N/A,N/A,N/A,N/A
18.5,3.399302215327723e-13,Pressure Outlet,N/A,689476.0,7.936636396007915,N/A
19.0,3.477513809512234e-13,Pressurant Tank,2.5961846752584306,1846582.1638728813,25.961846752584304,243.46556415581372
19.0,3.477513809512234e-13,Pipe,N/A,N/A,N/A,N/A
19.0,3.477513809512234e-13,Chamber,2.1138098790796134,1737287.3816514232,21.138098790796132,278.57378638737947
19.0,3.477513809512234e-13,Pipe,N/A,N/A,N/A,N/A
19.0,3.477513809512234e-13,Pressure Outlet,N/A,689476.0,7.936636396007915,N/A
19.5,3.55248663240984e-13,Pressurant Tank,2.575636315444552,1825380.8151995977,25.75636315444552,242.62176681097978
19.5,3.55248663240984e-13,Pipe,N/A,N/A,N/A,N/A
19.5,3.55248663240984e-13,Chamber,2.096985598358278,1717474.0084983397,20.96985598358278,277.6391055250914
19.5,3.55248663240984e-13,Pipe,N/A,N/A,N/A,N/A
19.5,3.55248663240984e-13,Pressure Outlet,N/A,689476.0,7.936636396007915,N/A
20.0,3.627656355514007e-13,Pressurant Tank,2.55530072360819,1804476.596488409,25.5530072360819,241.78281919195484
20.0,3.627656355514007e-13,Pipe,N/A,N/A,N/A,N/A
20.0,3.627656355514007e-13,Chamber,2.080334522968317,1697934.1235034908,20.803345229683167,276.7095797364612
20.0,3.627656355514007e-13,Pipe,N/A,N/A,N/A,N/A
20.0,3.627656355514007e-13,Pressure Outlet,N/A,689476.0,7.936636396007915,N/A
20.5,3.7030631626744575e-13,Pressurant Tank,2.5351749368857557,1783864.3474966963,25.351749368857554,240.94867570014551
20.5,3.7030631626744575e-13,Pipe,N/A,N/A,N/A,N/A
20.5,3.7030631626744575e-13,Chamber,2.063856560381249,1678665.7441396443,20.638565603812488,275.78529048643463
20.5,3.7030631626744575e-13,Pipe,N/A,N/A,N/A,N/A
20.5,3.7030631626744575e-13,Pressure Outlet,N/A,689476.0,7.936636396007915,N/A
21.0,3.779718090228649e-13,Pressurant Tank,2.515256299849497,1763539.276091861,25.15256299849497,240.11930191978368
21.0,3.779718090228649e-13,Pipe,N/A,N/A,N/A,N/A
21.0,3.779718090228649e-13,Chamber,2.0475513351905343,1659666.5684859164,20.47551335190534,274.8663039231204
21.0,3.779718090228649e-13,Pipe,N/A,N/A,N/A,N/A
21.0,3.779718090228649e-13,Pressure Outlet,N/A,689476.0,7.936636396007915,N/A
21.5,3.8588640049455084e-13,Pressurant Tank,2.495542400450876,1743496.8869542389,24.955424004508757,239.29467221653226
21.5,3.8588640049455084e-13,Pipe,N/A,N/A,N/A,N/A
21.5,3.8588640049455084e-13,Chamber,2.031418259376639,1640934.062600836,20.314182593766386,273.9526744804587
21.5,3.8588640049455084e-13,Pipe,N/A,N/A,N/A,N/A
21.5,3.8588640049455084e-13,Pressure Outlet,N/A,689476.0,7.936636396007915,N/A
22.0,3.940260535960227e-13,Pressurant Tank,2.476031020620282,1723732.9266385161,24.760310206202817,238.47476788065416
22.0,3.940260535960227e-13,Pipe,N/A,N/A,N/A,N/A
22.0,3.940260535960227e-13,Chamber,2.0154565863572373,1622465.5273445684,20.154565863572373,273.0444476678777
22.0,3.940260535960227e-13,Pipe,N/A,N/A,N/A,N/A
22.0,3.940260535960227e-13,Pressure Outlet,N/A,689476.0,7.936636396007915,N/A
22.5,4.023789220161438e-13,Pressurant Tank,2.4567200981548893,1704243.3411883179,24.567200981548893,237.6595756916582
22.5,4.023789220161438e-13,Pipe,N/A,N/A,N/A,N/A
22.5,4.023789220161438e-13,Chamber,1.999665452550569,1604258.149436544,19.99665452550569,272.1416622305835
22.5,4.023789220161438e-13,Pipe,N/A,N/A,N/A,N/A
22.5,4.023789220161438e-13,Pressure Outlet,N/A,689476.0,7.936636396007915,N/A
23.0,4.1119902459604455e-13,Pressurant Tank,2.4376076972979104,1685024.2433822486,24.376076972979103,236.8490868090202
23.0,4.1119902459604455e-13,Pipe,N/A,N/A,N/A,N/A
23.0,4.1119902459604455e-13,Chamber,1.9840439093258453,1586309.040424302,19.840439093258453,271.2443518227937
23.0,4.1119902459604455e-13,Pipe,N/A,N/A,N/A,N/A
23.0,4.1119902459604455e-13,Pressure Outlet,N/A,689476.0,7.936636396007915,N/A
23.5,4.2039911237459277e-13,Pressurant Tank,2.4186919860092564,1666071.8873700597,24.186919860092562,236.04329591512177
23.5,4.2039911237459277e-13,Pipe,N/A,N/A,N/A,N/A
23.5,4.2039911237459277e-13,Chamber,1.9685909475541277,1568615.2663840633,19.685909475541276,270.352546304081
23.5,4.2039911237459277e-13,Pipe,N/A,N/A,N/A,N/A
23.5,4.2039911237459277e-13,Pressure Outlet,N/A,689476.0,7.936636396007915,N/A
24.0,4.300851121223146e-13,Pressurant Tank,2.399971218388212,1647382.6489805023,23.999712183882117,235.24220055326873
24.0,4.300851121223146e-13,Pipe,N/A,N/A,N/A,N/A
24.0,4.300851121223146e-13,Chamber,1.9533055164633915,1551173.870516041,19.533055164633915,269.466272744056
24.0,4.300851121223146e-13,Pipe,N/A,N/A,N/A,N/A
24.0,4.300851121223146e-13,Pressure Outlet,N/A,689476.0,7.936636396007915,N/A
24.5,4.4005892670772516e-13,Pressurant Tank,2.381443721063687,1628953.0103837298,23.814437210636868,234.44580061660926
24.5,4.4005892670772516e-13,Pipe,N/A,N/A,N/A,N/A
24.5,4.4005892670772516e-13,Chamber,1.938186538108707,1533981.890292742,19.381865381087067,268.58555620129584
24.5,4.4005892670772516e-13,Pipe,N/A,N/A,N/A,N/A
24.5,4.4005892670772516e-13,Pressure Outlet,N/A,689476.0,7.936636396007915,N/A
25.0,4.5064777382132587e-13,Pressurant Tank,2.3631078826408793,1610779.5480987986,23.631078826408793,233.65409795379787
25.0,4.5064777382132587e-13,Pipe,N/A,N/A,N/A,N/A
25.0,4.5064777382132587e-13,Chamber,1.92323291846609,1517036.3704313696,19.232329184660898,267.7104203274781
25.0,4.5064777382132587e-13,Pipe,N/A,N/A,N/A,N/A
25.0,4.5064777382132587e-13,Pressure Outlet,N/A,689476.0,7.936636396007915,N/A
25.5,4.617287901405627e-13,Pressurant Tank,2.3449621455033984,1592858.923572575,23.449621455033984,232.86709606500355
25.5,4.617287901405627e-13,Pipe,N/A,N/A,N/A,N/A
25.5,4.617287901405627e-13,Chamber,1.9084435559259383,1500334.3726646942,19.084435559259383,266.8408878361147
25.5,4.617287901405627e-13,Pipe,N/A,N/A,N/A,N/A
25.5,4.617287901405627e-13,Pressure Outlet,N/A,689476.0,7.936636396007915,N/A
26.0,4.734571889353402e-13,Pressurant Tank,2.3270049994315616,1575187.875736968,23.270049994315613,232.0847998678539
26.0,4.734571889353402e-13,Pipe,N/A,N/A,N/A,N/A
26.0,4.734571889353402e-13,Chamber,1.8938173477830553,1483872.9830573634,18.938173477830553,265.9769808663456
26.0,4.734571889353402e-13,Pipe,N/A,N/A,N/A,N/A
26.0,4.734571889353402e-13,Pressure Outlet,N/A,689476.0,7.936636396007915,N/A
26.5,4.856923256255675e-13,Pressurant Tank,2.309234976621858,1557763.2150897174,23.09234976621858,231.30721551753322
26.5,4.856923256255675e-13,Pipe,N/A,N/A,N/A,N/A
26.5,4.856923256255675e-13,Chamber,1.8793531951826854,1467649.3174404125,18.793531951826854,265.11872126534644
26.5,4.856923256255675e-13,Pipe,N/A,N/A,N/A,N/A
26.5,4.856923256255675e-13,Pressure Outlet,N/A,689476.0,7.936636396007915,N/A
27.0,4.98677147790662e-13,Pressurant Tank,2.291650647788127,1540581.8189499131,22.916506477881267,230.53435026883207
27.0,4.98677147790662e-13,Pipe,N/A,N/A,N/A,N/A
27.0,4.98677147790662e-13,Chamber,1.8650500068762061,1451660.5254032507,18.65050006876206,264.2661308075659
27.0,4.98677147790662e-13,Pipe,N/A,N/A,N/A,N/A
27.0,4.98677147790662e-13,Pressure Outlet,N/A,689476.0,7.936636396007915,N/A
27.5,5.123307048289525e-13,Pressurant Tank,2.27425061909846,1523640.627620571,22.7425061909846,229.76621237070478
27.5,5.123307048289525e-13,Pipe,N/A,N/A,N/A,N/A
27.5,5.123307048289525e-13,Chamber,1.8509067020587628,1435903.7931801216,18.509067020587626,263.4192313648844
27.5,5.123307048289525e-13,Pipe,N/A,N/A,N/A,N/A
27.5,5.123307048289525e-13,Pressure Outlet,N/A,689476.0,7.936636396007915,N/A
28.0,5.266608544382126e-13,Pressurant Tank,2.257033529758341,1506936.6412527692,22.57033529758341,229.00281098602974
28.0,5.266608544382126e-13,Pipe,N/A,N/A,N/A,N/A
28.0,5.266608544382126e-13,Chamber,1.836922212498564,1420376.3456896483,18.36922212498564,262.5780450385988
28.0,5.266608544382126e-13,Pipe,N/A,N/A,N/A,N/A
28.0,5.266608544382126e-13,Pressure Outlet,N/A,689476.0,7.936636396007915,N/A
28.5,5.417450031118786e-13,Pressurant Tank,2.2399980500939773,1490466.9172534922,22.399980500939773,228.2441561309125
28.5,5.417450031118786e-13,Pipe,N/A,N/A,N/A,N/A
28.5,5.417450031118786e-13,Chamber,1.8230954841194067,1405075.4479259602,18.230954841194066,261.7425942616698
28.5,5.417450031118786e-13,Pipe,N/A,N/A,N/A,N/A
28.5,5.417450031118786e-13,Pressure Outlet,N/A,689476.0,7.936636396007915,N/A
29.0,5.576280805288775e-13,Pressurant Tank,2.2231428800232327,1474228.5681158758,22.231428800232326,227.49025862915113
29.0,5.576280805288775e-13,Pipe,N/A,N/A,N/A,N/A
29.0,5.576280805288775e-13,Chamber,1.8094254781609491,1389998.4058538328,18.09425478160949,260.91290187776514
29.0,5.576280805288775e-13,Pipe,N/A,N/A,N/A,N/A
29.0,5.576280805288775e-13,Pressure Outlet,N/A,689476.0,7.936636396007915,N/A
29.5,5.742883441521927e-13,Pressurant Tank,2.2064667478272932,1458218.7595785507,22.06466747827293,226.74113007846512
29.5,5.742883441521927e-13,Pipe,N/A,N/A,N/A,N/A
29.5,5.742883441521927e-13,Chamber,1.7959111720127223,1375142.566924887,17.959111720127222,260.08899120215415
29.5,5.742883441521927e-13,Pipe,N/A,N/A,N/A,N/A
29.5,5.742883441521927e-13,Pressure Outlet,N/A,689476.0,7.936636396007915,N/A
30.0,5.918696899437848e-13,Pressurant Tank,2.1899684091560263,1442434.7090422946,21.89968409156026,225.99678282585543
30.0,5.918696899437848e-13,Pipe,N/A,N/A,N/A,N/A
30.0,5.918696899437848e-13,Chamber,1.7825515597958916,1360505.3203047707,17.825515597958915,259.2708860683686
30.0,5.918696899437848e-13,Pipe,N/A,N/A,N/A,N/A
30.0,5.918696899437848e-13,Pressure Outlet,N/A,689476.0,7.936636396007915,N/A
30.5,6.103342428277646e-13,Pressurant Tank,2.17364664621525,1426873.6841886942,21.7364664621525,225.25722995004944
30.5,6.103342428277646e-13,Pipe,N/A,N/A,N/A,N/A
30.5,6.103342428277646e-13,Chamber,1.76934565274986,1346084.0968804178,17.6934565274986,258.45861086366074
30.5,6.103342428277646e-13,Pipe,N/A,N/A,N/A,N/A
30.5,6.103342428277646e-13,Pressure Outlet,N/A,689476.0,7.936636396007915,N/A
31.0,6.297012211333392e-13,Pressurant Tank,2.1575002670959016,1411533.0017581983,21.575002670959016,224.522485249445
31.0,6.297012211333392e-13,Pipe,N/A,N/A,N/A,N/A
31.0,6.297012211333392e-13,Chamber,1.7562924794677397,1331876.369100453,17.562924794677397,257.65219055560283
31.0,6.297012211333392e-13,Pipe,N/A,N/A,N/A,N/A
31.0,6.297012211333392e-13,Pressure Outlet,N/A,689476.0,7.936636396007915,N/A
31.5,6.500539961396543e-13,Pressurant Tank,2.1415281052141593,1396410.0264546827,21.41528105214159,223.79256323431846
31.5,6.500539961396543e-13,Pipe,N/A,N/A,N/A,N/A
31.5,6.500539961396543e-13,Chamber,1.7433910860146649,1317879.650689539,17.433910860146646,256.8516507116446
31.5,6.500539961396543e-13,Pipe,N/A,N/A,N/A,N/A
31.5,6.500539961396543e-13,Pressure Outlet,N/A,689476.0,7.936636396007915,N/A
32.0,6.714165786750413e-13,Pressurant Tank,2.125729018838566,1381502.1699511232,21.25729018838566,223.067479122337
32.0,6.714165786750413e-13,Pipe,N/A,N/A,N/A,N/A
32.0,6.714165786750413e-13,Chamber,1.7306405359551473,1304091.4962679879,17.306405359551473,256.05701751302905
32.0,6.714165786750413e-13,Pipe,N/A,N/A,N/A,N/A
32.0,6.714165786750413e-13,Pressure Outlet,N/A,689476.0,7.936636396007915,N/A
32.5,6.937196053332273e-13,Pressurant Tank,2.1101018906856077,1366806.8899767415,21.101018906856076,222.34724883662673
32.5,6.937196053332273e-13,Pipe,N/A,N/A,N/A,N/A
32.5,6.937196053332273e-13,Chamber,1.7180399103096862,1290509.500900708,17.18039910309686,255.26831776415324
32.5,6.937196053332273e-13,Pipe,N/A,N/A,N/A,N/A
32.5,6.937196053332273e-13,Pressure Outlet,N/A,689476.0,7.936636396007915,N/A
33.0,7.170919140071478e-13,Pressurant Tank,2.094645627569355,1352321.689470413,20.94645627569355,221.63188900581363
33.0,7.170919140071478e-13,Pipe,N/A,N/A,N/A,N/A
33.0,7.170919140071478e-13,Chamber,1.7055883074562133,1277131.2995939525,17.055883074562132,254.48557889820768
33.0,7.170919140071478e-13,Pipe,N/A,N/A,N/A,N/A
33.0,7.170919140071478e-13,Pressure Outlet,N/A,689476.0,7.936636396007915,N/A
33.5,7.415615058190243e-13,Pressurant Tank,2.0793591600940027,1338044.1157885338,20.793591600940026,220.9214169655797
33.5,7.415615058190243e-13,Pipe,N/A,N/A,N/A,N/A
33.5,7.415615058190243e-13,Chamber,1.693284842988385,1263954.5667540373,16.93284842988385,253.70882897973854
33.5,7.415615058190243e-13,Pipe,N/A,N/A,N/A,N/A
33.5,7.415615058190243e-13,Pressure Outlet,N/A,689476.0,7.936636396007915,N/A
34.0,7.671279216036033e-13,Pressurant Tank,2.0642414423806237,1323971.7599581813,20.642414423806237,220.2158507613783
34.0,7.671279216036033e-13,Pipe,N/A,N/A,N/A,N/A
34.0,7.671279216036033e-13,Chamber,1.681128649539968,1250977.0156188859,16.811286495399678,252.93809670462835
34.0,7.671279216036033e-13,Pipe,N/A,N/A,N/A,N/A
34.0,7.671279216036033e-13,Pressure Outlet,N/A,689476.0,7.936636396007915,N/A
34.5,7.935054706933682e-13,Pressurant Tank,2.0492914518213716,1310102.2559684117,20.492914518213716,219.515209152026
34.5,7.935054706933682e-13,Pipe,N/A,N/A,N/A,N/A
34.5,7.935054706933682e-13,Chamber,1.669118876582432,1238196.3976707053,16.691188765824318,252.17341139786976
34.5,7.935054706933682e-13,Pipe,N/A,N/A,N/A,N/A
34.5,7.935054706933682e-13,Pressure Outlet,N/A,689476.0,7.936636396007915,N/A
35.0,8.211256236709973e-13,Pressurant Tank,2.0345081888558556,1296433.2800941183,20.345081888558553,218.81951161395008
35.0,8.211256236709973e-13,Pipe,N/A,N/A,N/A,N/A
35.0,8.211256236709973e-13,Chamber,1.6572546902012186,1225610.5020361368,16.572546902012185,251.41480300942536
35.0,8.211256236709973e-13,Pipe,N/A,N/A,N/A,N/A
35.0,8.211256236709973e-13,Pressure Outlet,N/A,689476.0,7.936636396007915,N/A
35.5,8.49513545395064e-13,Pressurant Tank,2.0198906767655522,1282962.550248063,20.198906767655522,218.128778345915
35.5,8.49513545395064e-13,Pipe,N/A,N/A,N/A,N/A
35.5,8.49513545395064e-13,Chamber,1.6455352728548722,1213217.1548787102,16.45535272854872,250.66230210838648
35.5,8.49513545395064e-13,Pipe,N/A,N/A,N/A,N/A
35.5,8.49513545395064e-13,Pressure Outlet,N/A,689476.0,7.936636396007915,N/A
36.0,8.78871954908832e-13,Pressurant Tank,2.0054379614830156,1269687.825357633,20.054379614830154,217.4430302740876
36.0,8.78871954908832e-13,Pipe,N/A,N/A,N/A,N/A
36.0,8.78871954908832e-13,Chamber,1.633959823120244,1201014.2187872722,16.339598231202437,249.91593987559907
36.0,8.78871954908832e-13,Pipe,N/A,N/A,N/A,N/A
36.0,8.78871954908832e-13,Pressure Outlet,N/A,689476.0,7.936636396007915,N/A
36.5,9.091051626581658e-13,Pressurant Tank,1.9911491114133189,1256606.9047635933,19.911491114133188,216.7622890573278
36.5,9.091051626581658e-13,Pipe,N/A,N/A,N/A,N/A
36.5,9.091051626581658e-13,Chamber,1.6225275554262095,1188999.592163156,16.225275554262094,249.17574809487454
36.5,9.091051626581658e-13,Pipe,N/A,N/A,N/A,N/A
36.5,9.091051626581658e-13,Pressure Outlet,N/A,689476.0,7.936636396007915,N/A
37.0,9.399735994970505e-13,Pressurant Tank,1.9770232172657074,1243717.627638657,19.770232172657074,216.08657709261266
37.0,9.399735994970505e-13,Pipe,N/A,N/A,N/A,N/A
37.0,9.399735994970505e-13,Chamber,1.6112376997777658,1177171.2086081787,16.112376997777655,248.44175914287734
37.0,9.399735994970505e-13,Pipe,N/A,N/A,N/A,N/A
37.0,9.399735994970505e-13,Pressure Outlet,N/A,689476.0,7.936636396007915,N/A
37.5,9.714891972535272e-13,Pressurant Tank,1.9630593918938362,1231017.872424126,19.63059391893836,215.41591752051886
37.5,9.714891972535272e-13,Pipe,N/A,N/A,N/A,N/A
37.5,9.714891972535272e-13,Chamber,1.6000895014719083,1165527.036315021,16.00089501471908,247.71400597775147
37.5,9.714891972535272e-13,Pipe,N/A,N/A,N/A,N/A
37.5,9.714891972535272e-13,Pressure Outlet,N/A,689476.0,7.936636396007915,N/A
38.0,1.0032826855502865e-12,Pressurant Tank,1.9492567701432963,1218505.5562831955,19.49256770143296,214.75033423069866
38.0,1.0032826855502865e-12,Pipe,N/A,N/A,N/A,N/A
38.0,1.0032826855502865e-12,Chamber,1.5890822208063498,1154065.077461134,15.890822208063497,246.99252212652974
38.0,1.0032826855502865e-12,Pipe,N/A,N/A,N/A,N/A
38.0,1.0032826855502865e-12,Pressure Outlet,N/A,689476.0,7.936636396007915,N/A
38.5,1.035461755576179e-12,Pressurant Tank,1.9356145087053678,1206178.634569761,19.356145087053676,214.08985186729768
38.5,1.035461755576179e-12,Pipe,N/A,N/A,N/A,N/A
38.5,1.035461755576179e-12,Chamber,1.5782151327818728,1142783.3676070105,15.782151327818728,246.2773416713566
38.5,1.035461755576179e-12,Pipe,N/A,N/A,N/A,N/A
38.5,1.035461755576179e-12,Pressure Outlet,N/A,689476.0,7.936636396007915,N/A
39.0,1.0678680012925222e-12,Pressurant Tank,1.9221317859761289,1194035.1003117769,19.22131785976129,213.43449583426647
39.0,1.0678680012925222e-12,Pipe,N/A,N/A,N/A,N/A
39.0,1.0678680012925222e-12,Chamber,1.5674875267989077,1131679.9750994323,15.674875267989076,245.56849923454166
39.0,1.0678680012925222e-12,Pipe,N/A,N/A,N/A,N/A
39.0,1.0678680012925222e-12,Pressure Outlet,N/A,689476.0,7.936636396007915,N/A
39.5,6.472436359498811e-05,Pressurant Tank,1.9088078019201997,1182072.983708365,19.088078019201998,212.78429230052504
39.5,6.472436359498811e-05,Pipe,N/A,N/A,N/A,N/A
39.5,6.472436359498811e-05,Chamber,1.5568987063487663,1120753.0004800973,15.568987063487661,244.86602996245364
39.5,6.472436359498811e-05,Pipe,N/A,N/A,N/A,N/A
39.5,6.472436359498811e-05,Pressure Outlet,N/A,689476.0,7.936636396007915,N/A
40.0,0.0006234204566227659,Pressurant Tank,1.8956388145220573,1170287.703707613,18.956388145220572,212.1391227179664
40.0,0.0006234204566227659,Pipe,N/A,N/A,N/A,N/A
40.0,0.0006234204566227659,Chamber,1.5464335344864948,1109985.7260459824,15.464335344864947,244.16900479740335
40.0,0.0006234204566227659,Pipe,N/A,N/A,N/A,N/A
40.0,0.0006234204566227659,Pressure Outlet,N/A,689476.0,7.936636396007915,N/A
40.5,0.001249308370970483,Pressurant Tank,1.882599932766835,1158655.8923304693,18.82599932766835,211.49782363693268
40.5,0.001249308370970483,Pipe,N/A,N/A,N/A,N/A
40.5,0.001249308370970483,Chamber,1.5360016514509487,1099284.5737994018,15.360016514509486,243.47143861228793
40.5,0.001249308370970483,Pipe,N/A,N/A,N/A,N/A
40.5,0.001249308370970483,Pressure Outlet,N/A,689476.0,7.936636396007915,N/A
41.0,0.001446576818182001,Pressurant Tank,1.8696730969287625,1147160.534806122,18.696730969287625,210.85955082308573
41.0,0.001446576818182001,Pipe,N/A,N/A,N/A,N/A
41.0,0.001446576818182001,Chamber,1.525631138089727,1088678.0297040038,15.25631138089727,242.77521869235565
41.0,0.001446576818182001,Pipe,N/A,N/A,N/A,N/A
41.0,0.001446576818182001,Pressure Outlet,N/A,689476.0,7.936636396007915,N/A
41.5,0.0017826942680885568,Pressurant Tank,1.856881216988899,1135821.0854348037,18.56881216988899,210.22548148825206
41.5,0.0017826942680885568,Pipe,N/A,N/A,N/A,N/A
41.5,0.0017826942680885568,Chamber,1.515324767553434,1078168.4686031337,15.15324767553434,242.0805530648338
41.5,0.0017826942680885568,Pipe,N/A,N/A,N/A,N/A
41.5,0.0017826942680885568,Pressure Outlet,N/A,689476.0,7.936636396007915,N/A
42.0,0.0029275796046836435,Pressurant Tank,1.8442289523239688,1124640.644077504,18.442289523239687,209.59590075841953
42.0,0.0029275796046836435,Pipe,N/A,N/A,N/A,N/A
42.0,0.0029275796046836435,Chamber,1.5050668156222693,1067739.4538768919,15.050668156222692,241.38639863646546
42.0,0.0029275796046836435,Pipe,N/A,N/A,N/A,N/A
42.0,0.0029275796046836435,Pressure Outlet,N/A,689476.0,7.936636396007915,N/A
42.5,0.0026202932978374935,Pressurant Tank,1.8316230991457025,1113536.188667948,18.316230991457026,208.9661990421163
42.5,0.0026202932978374935,Pipe,N/A,N/A,N/A,N/A
42.5,0.0026202932978374935,Chamber,1.4948140870264623,1057346.9355582288,14.948140870264623,240.68982525147848
42.5,0.0026202932978374935,Pipe,N/A,N/A,N/A,N/A
42.5,0.0026202932978374935,Pressure Outlet,N/A,689476.0,7.936636396007915,N/A
43.0,0.0029218620388624644,Pressurant Tank,1.8191857812299357,1102614.5275915875,18.191857812299357,208.34251518076672
43.0,0.0029218620388624644,Pipe,N/A,N/A,N/A,N/A
43.0,0.0029218620388624644,Chamber,1.4846919985243001,1047117.5365428919,14.846919985243,239.99938126180865
43.0,0.0029218620388624644,Pipe,N/A,N/A,N/A,N/A
43.0,0.0029218620388624644,Pressure Outlet,N/A,689476.0,7.936636396007915,N/A
43.5,0.0033703933155538957,Pressurant Tank,1.806924567560485,1091881.0028891352,18.06924567560485,207.72530414603696
43.5,0.0033703933155538957,Pipe,N/A,N/A,N/A,N/A
43.5,0.0033703933155538957,Chamber,1.474619785800427,1036968.9243589607,14.74619785800427,239.30960214844777
43.5,0.0033703933155538957,Pipe,N/A,N/A,N/A,N/A
43.5,0.0033703933155538957,Pressure Outlet,N/A,689476.0,7.936636396007915,N/A
44.0,0.003738888617081959,Pressurant Tank,1.794737068597163,1081245.0698182257,17.94737068597163,207.10945938549955
44.0,0.003738888617081959,Pipe,N/A,N/A,N/A,N/A
44.0,0.003738888617081959,Chamber,1.4646060053171428,1026909.339584909,14.646060053171427,238.62108989459517
44.0,0.003738888617081959,Pipe,N/A,N/A,N/A,N/A
44.0,0.003738888617081959,Pressure Outlet,N/A,689476.0,7.936636396007915,N/A
44.5,0.004209545451439102,Pressurant Tank,1.7826585011560363,1070736.831480451,17.82658501156036,206.496789845299
44.5,0.004209545451439102,Pipe,N/A,N/A,N/A,N/A
44.5,0.004209545451439102,Chamber,1.4546642809199013,1016951.9881034542,14.546642809199012,237.93480657972808
44.5,0.004209545451439102,Pipe,N/A,N/A,N/A,N/A
44.5,0.004209545451439102,Pressure Outlet,N/A,689476.0,7.936636396007915,N/A
45.0,0.006403475680144324,Pressurant Tank,1.7706757644023705,1060344.1706583472,17.706757644023703,205.8866667541542
45.0,0.006403475680144324,Pipe,N/A,N/A,N/A,N/A
45.0,0.006403475680144324,Chamber,1.4448279093841507,1007129.5297569211,14.448279093841506,237.2530957959733
45.0,0.006403475680144324,Pipe,N/A,N/A,N/A,N/A
45.0,0.006403475680144324,Pressure Outlet,N/A,689476.0,7.936636396007915,N/A
45.5,0.004940930085785821,Pressurant Tank,1.7587154893954096,1050003.0825873383,17.587154893954093,205.27536487292497
45.5,0.004940930085785821,Pipe,N/A,N/A,N/A,N/A
45.5,0.004940930085785821,Chamber,1.4350125431918643,997357.2736759131,14.350125431918643,236.5701353717175
45.5,0.004940930085785821,Pipe,N/A,N/A,N/A,N/A
45.5,0.004940930085785821,Pressure Outlet,N/A,689476.0,7.936636396007915,N/A
46.0,0.005522813623821313,Pressurant Tank,1.7469371983990774,1039850.7851382359,17.469371983990772,204.67107490755495
46.0,0.005522813623821313,Pipe,N/A,N/A,N/A,N/A
46.0,0.005522813623821313,Chamber,1.4253224342568576,987738.4691924978,14.253224342568576,235.89321263076596
46.0,0.005522813623821313,Pipe,N/A,N/A,N/A,N/A
46.0,0.005522813623821313,Pressure Outlet,N/A,689476.0,7.936636396007915,N/A
46.5,0.04050339490391432,Pressurant Tank,1.735232201991392,1029792.6752755913,17.352322019913917,204.06827117290098
46.5,0.04050339490391432,Pipe,N/A,N/A,N/A,N/A
46.5,0.04050339490391432,Chamber,1.4157123267503866,978227.3842623417,14.157123267503865,235.21922328008162
46.5,0.04050339490391432,Pipe,N/A,N/A,N/A,N/A
46.5,0.04050339490391432,Pressure Outlet,N/A,689476.0,7.936636396007915,N/A
47.0,0.005639781921659407,Pressurant Tank,1.7235237848166762,1019762.6545176163,17.23523784816676,203.46299979134218
47.0,0.005639781921659407,Pipe,N/A,N/A,N/A,N/A
47.0,0.005639781921659407,Chamber,1.406104796162298,968747.1264075729,14.06104796162298,234.54274354404984
47.0,0.005639781921659407,Pipe,N/A,N/A,N/A,N/A
47.0,0.005639781921659407,Pressure Outlet,N/A,689476.0,7.936636396007915,N/A
47.5,0.0242816065677616,Pressurant Tank,1.7120940448511597,1010001.4059192826,17.120940448511597,202.8699036708027
47.5,0.0242816065677616,Pipe,N/A,N/A,N/A,N/A
47.5,0.0242816065677616,Chamber,1.3966434233303822,959438.8240063104,13.96643423330382,233.8739187929241
47.5,0.0242816065677616,Pipe,N/A,N/A,N/A,N/A
47.5,0.0242816065677616,Pressure Outlet,N/A,689476.0,7.936636396007915,N/A
48.0,0.006430954980000061,Pressurant Tank,1.700663733517229,1000269.4420794257,17.00663733517229,202.27454956118422
48.0,0.006430954980000061,Pipe,N/A,N/A,N/A,N/A
48.0,0.006430954980000061,Chamber,1.3871875928196897,950163.5658229429,13.871875928196896,233.20284410101675
48.0,0.006430954980000061,Pipe,N/A,N/A,N/A,N/A
48.0,0.006430954980000061,Pressure Outlet,N/A,689476.0,7.936636396007915,N/A
48.5,0.01567540869726503,Pressurant Tank,1.6894105199141198,990717.4494933698,16.894105199141197,201.68622219554956
48.5,0.01567540869726503,Pipe,N/A,N/A,N/A,N/A
48.5,0.01567540869726503,Chamber,1.3778973118424633,941077.6593623635,13.778973118424632,232.54092085600564
48.5,0.01567540869726503,Pipe,N/A,N/A,N/A,N/A
48.5,0.01567540869726503,Pressure Outlet,N/A,689476.0,7.936636396007915,N/A
49.0,0.0007287096720057974,Pressurant Tank,1.6781517889281623,981189.8440076048,16.781517889281623,201.09540139400573
49.0,0.0007287096720057974,Pipe,N/A,N/A,N/A,N/A
49.0,0.0007287096720057974,Chamber,1.3686661369634199,932076.1210148769,13.686661369634198,231.8806318080101
49.0,0.0007287096720057974,Pipe,N/A,N/A,N/A,N/A
49.0,0.0007287096720057974,Pressure Outlet,N/A,689476.0,7.936636396007915,N/A
49.5,6.6484774579419e-11,Pressurant Tank,1.6671080264864357,971872.5043128517,16.671080264864358,200.5136987188108
49.5,6.6484774579419e-11,Pipe,N/A,N/A,N/A,N/A
49.5,6.6484774579419e-11,Chamber,1.3595278156152433,923191.2991058569,13.595278156152432,231.22442843855242
49.5,6.6484774579419e-11,Pipe,N/A,N/A,N/A,N/A
49.5,6.6484774579419e-11,Pressure Outlet,N/A,689476.0,7.936636396007915,N/A
50.0,2.066713934032032e-11,Pressurant Tank,1.65615942224778,962663.2497852957,16.561594222477797,199.93487220682675
50.0,2.066713934032032e-11,Pipe,N/A,N/A,N/A,N/A
50.0,2.066713934032032e-11,Chamber,1.3506296104511577,914565.0476514184,13.506296104511577,230.58299966327317
50.0,2.066713934032032e-11,Pipe,N/A,N/A,N/A,N/A
50.0,2.066713934032032e-11,Pressure Outlet,N/A,689476.0,7.936636396007915,N/A
