Time,Converged Residual,Object,Density (kg/m^3),Pressure (kg/ms^2),Velocity (m/s),Temperature (K),Mass Flow Rate (kg/s),Mass (kg),Dynamic Pressure (kg/ms^2)
0.0,1.7357946983690767e-11,Pressurant Tank,15.894464602359266,1378952.0,100.0,293.15,N/A,0.7947232301179633,N/A
0.0,1.7357946983690767e-11,INTER1,15.894464602359527,1378952.0,80.21873149233409,293.1499999999954,0.04037932228488565,N/A,51140.79654767284
0.0,1.7357946983690767e-11,Pipe,N/A,N/A,N/A,N/A,N/A,N/A,N/A
0.0,1.7357946983690767e-11,INTER2,11.91323615491372,1034214.0000093251,107.02665267358681,293.1499999837085,0.04037932228549624,N/A,68231.2991967988
0.0,1.7357946983690767e-11,Chamber,11.913236154840765,1034214.0,N/A,293.15,N/A,0.5956618077420383,N/A
0.0,1.7357946983690767e-11,INTER3,11.913236154239398,1034214.0000193161,66.15698101437286,293.15000000262523,0.02495989541792781,N/A,26070.605158237326
0.0,1.7357946983690767e-11,Pipe,N/A,N/A,N/A,N/A,N/A,N/A,N/A
0.0,1.7357946983690767e-11,INTER4,10.689874485982426,928204.2023818677,73.7280628573468,293.14999999301875,0.024959895416784672,N/A,29054.15552940616
0.0,1.7357946983690767e-11,critical_orifice,N/A,N/A,N/A,N/A,N/A,N/A,N/A
0.0,1.7357946983690767e-11,INTER5,7.958007400977224,689476.0000000044,99.0378242140299,292.37688330824705,0.024959895417806674,N/A,39028.02049327817
0.0,1.7357946983690767e-11,Pressure Outlet,7.936636396007915,689476.0,N/A,N/A,N/A,N/A,N/A
0.5,3.3266034307118025e-11,Pressurant Tank,15.49067137951041,1329318.52953768,100,290.0483122730657,N/A,0.7745335689755205,N/A
0.5,3.3266034307118025e-11,INTER1,15.490671379469983,1329318.52953768,72.67350938218779,290.04831227379634,0.03565198420769272,N/A,40906.51771591999
0.5,3.3266034307118025e-11,Pipe,N/A,N/A,N/A,N/A,N/A,N/A,N/A
0.5,3.3266034307118025e-11,INTER2,12.266379681130037,1053250.1624191126,91.7761785414397,290.0483122540043,0.03565198420263131,N/A,51659.041991881866
0.5,3.3266034307118025e-11,Chamber,12.067430423516448,1053250.162424431,N/A,294.6993252433332,N/A,0.6033715211758225,N/A
0.5,3.3266034307118025e-11,INTER3,12.067430423473562,1053250.1624191126,67.99168535313595,294.6993252429013,0.02598411573253409,N/A,27893.076679469952
0.5,3.3266034307118025e-11,Pipe,N/A,N/A,N/A,N/A,N/A,N/A,N/A
0.5,3.3266034307118025e-11,INTER4,10.766426481441538,939891.7249154829,76.2077309295008,294.6993252316298,0.025984115732416102,N/A,31263.64747887936
0.5,3.3266034307118025e-11,critical_orifice,N/A,N/A,N/A,N/A,N/A,N/A,N/A
0.5,3.3266034307118025e-11,INTER5,7.919961456384497,689476.0,103.59708653666048,293.7561857412262,0.025984115732230254,N/A,42499.92427007383
0.5,3.3266034307118025e-11,Pressure Outlet,7.936636396007915,689476.0,N/A,N/A,N/A,N/A,N/A
1.0,3.020289675995327e-10,Pressurant Tank,15.134151537433482,1285956.9044181607,100,287.2688646444673,N/A,0.7567075768716741,N/A
1.0,3.020289675995327e-10,INTER1,15.134151537737768,1285956.9044181607,65.69930142401415,287.2688646388917,0.03148880372864643,N/A,32662.512285545286
1.0,3.020289675995327e-10,Pipe,N/A,N/A,N/A,N/A,N/A,N/A,N/A
1.0,3.020289675995327e-10,INTER2,12.529909965460126,1065238.5472291391,79.35437586471222,287.2688646116339,0.03148880376904322,N/A,39451.15433100639
1.0,3.020289675995327e-10,Chamber,12.164109108217422,1065238.5472049816,N/A,295.66467647713733,N/A,0.6082054554108711,N/A
1.0,3.020289675995327e-10,INTER3,12.164109108411255,1065238.5472291391,69.11111716522731,295.66467647909013,0.026623524751890115,N/A,29050.00007904235
1.0,3.020289675995327e-10,Pipe,N/A,N/A,N/A,N/A,N/A,N/A,N/A
1.0,3.020289675995327e-10,INTER4,10.814185170530326,947216.1714951472,77.7381889200151,295.6646764670703,0.026623524751912073,N/A,32676.28258524451
1.0,3.020289675995327e-10,critical_orifice,N/A,N/A,N/A,N/A,N/A,N/A,N/A
1.0,3.020289675995327e-10,INTER5,7.8966654168528585,689476.0,106.45951493536239,294.60743798707585,0.026623524754518266,N/A,44748.935402080584
1.0,3.020289675995327e-10,Pressure Outlet,7.936636396007915,689476.0,N/A,N/A,N/A,N/A,N/A
1.5,1.2868029289518856e-10,Pressurant Tank,14.819263500147017,1248022.9794774775,100,284.78094650514106,N/A,0.7409631750073509,N/A
1.5,1.2868029289518856e-10,INTER1,14.819263500274026,1248022.9794774775,59.368591656988514,284.78094650278484,0.027862539611649032,N/A,26116.207949831743
1.5,1.2868029289518856e-10,Pipe,N/A,N/A,N/A,N/A,N/A,N/A,N/A
1.5,1.2868029289518856e-10,INTER2,12.714696907895414,1071286.962229766,69.19542087671937,284.7809464801267,0.027862539626111182,N/A,30439.024260023878
1.5,1.2868029289518856e-10,Chamber,12.212761898388953,1071286.9622291157,N/A,296.1487409528251,N/A,0.6106380949194476,N/A
1.5,1.2868029289518856e-10,INTER3,12.212761898394154,1071286.962229766,69.66580096488063,296.14874095287763,0.026944545153301552,N/A,29636.244139636423
1.5,1.2868029289518856e-10,Pipe,N/A,N/A,N/A,N/A,N/A,N/A,N/A
1.5,1.2868029289518856e-10,INTER4,10.838155222510727,950901.536436398,78.5015366709138,296.1487409413438,0.02694454515330082,N/A,33395.018414969076
1.5,1.2868029289518856e-10,critical_orifice,N/A,N/A,N/A,N/A,N/A,N/A,N/A
1.5,1.2868029289518856e-10,INTER5,7.885101973104704,689476.0,107.9011841000238,295.03187729677853,0.026944545153378407,N/A,45901.80247213872
1.5,1.2868029289518856e-10,Pressure Outlet,7.936636396007915,689476.0,N/A,N/A,N/A,N/A,N/A
2.0,6.842591008485289e-11,Pressurant Tank,14.540638104030528,1214745.7432382863,100,282.5528593630989,N/A,0.7270319052015264,N/A
2.0,6.842591008485289e-11,INTER1,14.54063810409072,1214745.7432382863,53.74066529112145,282.55285936196964,0.024747072810457734,N/A,20997.111141293022
2.0,6.842591008485289e-11,Pipe,N/A,N/A,N/A,N/A,N/A,N/A,N/A
2.0,6.842591008485289e-11,INTER2,12.831818697531585,1072429.3489780368,60.897335296369185,282.5528593369874,0.02474707281725186,N/A,23793.306444026275
2.0,6.842591008485289e-11,Chamber,12.22194184311705,1072429.3489780414,N/A,296.2399469840547,N/A,0.6110970921558525,N/A
2.0,6.842591008485289e-11,INTER3,12.22194184311701,1072429.3489780368,69.76982336949368,296.23994698405437,0.02700506135362093,N/A,29747.156905287164
2.0,6.842591008485289e-11,Pipe,N/A,N/A,N/A,N/A,N/A,N/A,N/A
2.0,6.842591008485289e-11,INTER4,10.842673331426163,951596.8740933315,78.64506266687795,296.23994697253283,0.027005061353620904,N/A,33531.21601853835
2.0,6.842591008485289e-11,critical_orifice,N/A,N/A,N/A,N/A,N/A,N/A,N/A
2.0,6.842591008485289e-11,INTER5,7.882932040634513,689476.0,108.17329379866825,295.1116666460547,0.027005061353620772,N/A,46120.91285582459
2.0,6.842591008485289e-11,Pressure Outlet,7.936636396007915,689476.0,N/A,N/A,N/A,N/A,N/A
2.5,3.690448724690406e-11,Pressurant Tank,14.29316737592595,1185418.687092621,100,280.55228575178694,N/A,0.7146583687962975,N/A
2.5,3.690448724690406e-11,INTER1,14.293167375954525,1185418.687092621,48.85338845758625,280.5522857512454,0.022113653636848175,N/A,17056.419427818844
2.5,3.690448724690406e-11,Pipe,N/A,N/A,N/A,N/A,N/A,N/A,N/A
2.5,3.690448724690406e-11,INTER2,12.892289557147219,1069620.0579184103,54.16180385300297,280.55228575207474,0.02211365364012661,N/A,18909.772132245558
2.5,3.690448724690406e-11,Chamber,12.199361957753357,1069620.057918442,N/A,296.0155282840024,N/A,0.6099680978876679,N/A
2.5,3.690448724690406e-11,INTER3,12.199361957753105,1069620.0579184103,69.5135957590721,296.0155282839998,0.026856177775960974,N/A,29474.51241693972
2.5,3.690448724690406e-11,Pipe,N/A,N/A,N/A,N/A,N/A,N/A,N/A
2.5,3.690448724690406e-11,INTER4,10.831557612729164,949886.5261044948,78.29174214549334,296.01552827248315,0.02685617777596083,N/A,33196.540918544146
2.5,3.690448724690406e-11,critical_orifice,N/A,N/A,N/A,N/A,N/A,N/A,N/A
2.5,3.690448724690406e-11,INTER5,7.888276345266623,689476.0,107.5040323807422,294.91523484714094,0.026856177775958882,N/A,45582.866238990326
2.5,3.690448724690406e-11,Pressure Outlet,7.936636396007915,689476.0,N/A,N/A,N/A,N/A,N/A
3.0,1.873420162616492e-11,Pressurant Tank,14.072030839557467,1159396.6204984104,100,278.7469320868077,N/A,0.7036015419778734,N/A
3.0,1.873420162616492e-11,INTER1,14.072030839569747,1159396.6204984104,44.714409676070645,278.74693208657294,0.019926985817636748,N/A,14067.657482318134
3.0,1.873420162616492e-11,Pipe,N/A,N/A,N/A,N/A,N/A,N/A,N/A
3.0,1.873420162616492e-11,INTER2,12.90676427809815,1063726.7538955377,48.75137861235583,278.7469320868952,0.019926985819130598,N/A,15337.733431553428
3.0,1.873420162616492e-11,Chamber,12.151936716395012,1063726.7538959945,N/A,295.5433459745107,N/A,0.6075968358197507,N/A
3.0,1.873420162616492e-11,INTER3,12.151936716391354,1063726.7538955377,68.9714268683767,295.5433459744736,0.02654312435957923,N/A,28903.732210713093
3.0,1.873420162616492e-11,Pipe,N/A,N/A,N/A,N/A,N/A,N/A,N/A
3.0,1.873420162616492e-11,INTER4,10.808182050267634,946293.9892231986,77.54647457321221,295.54334596297394,0.026543124359579222,N/A,32497.262079649216
3.0,1.873420162616492e-11,critical_orifice,N/A,N/A,N/A,N/A,N/A,N/A,N/A
3.0,1.873420162616492e-11,INTER5,7.899576231245362,689476.0,106.09890834741192,294.50079524610805,0.026543124359533862,N/A,44462.67931457572
3.0,1.873420162616492e-11,Pressure Outlet,7.936636396007915,689476.0,N/A,N/A,N/A,N/A,N/A
3.5,9.061142107694871e-12,Pressurant Tank,13.8727609813811,1136097.8790861187,100,277.1054678132463,N/A,0.693638049069055,N/A
3.5,9.061142107694871e-12,INTER1,13.872760981383824,1136097.8790861187,41.29489271037881,277.10546781319385,0.018142476857791863,N/A,11828.388823901932
3.5,9.061142107694871e-12,Pipe,N/A,N/A,N/A,N/A,N/A,N/A,N/A
3.5,9.061142107694871e-12,INTER2,12.885219200352953,1055521.4279612387,44.459792839791575,277.1054678131397,0.018142476858425967,N/A,12734.93360173794
3.5,9.061142107694871e-12,Chamber,12.085775330990526,1055521.4279628117,N/A,294.88274327105995,N/A,0.6042887665495263,N/A
3.5,9.061142107694871e-12,INTER3,12.085775330977903,1055521.4279612387,68.20583970607669,294.8827432709311,0.026105583730960818,N/A,28111.734408323162
3.5,9.061142107694871e-12,Pipe,N/A,N/A,N/A,N/A,N/A,N/A,N/A
3.5,9.061142107694871e-12,INTER4,10.775503586514219,941281.4492343013,76.49948314063462,294.882743259463,0.026105583730962646,N/A,31530.044372902405
3.5,9.061142107694871e-12,critical_orifice,N/A,N/A,N/A,N/A,N/A,N/A,N/A
3.5,9.061142107694871e-12,INTER5,7.915511250179809,689476.0,104.13988798563919,293.91840458081685,0.026105583730785288,N/A,42922.319921006754
3.5,9.061142107694871e-12,Pressure Outlet,7.936636396007915,689476.0,N/A,N/A,N/A,N/A,N/A
4.0,6.283249924147029e-12,Pressurant Tank,13.691336212803181,1115010.374625484,100,275.59867091550404,N/A,0.6845668106401591,N/A
4.0,6.283249924147029e-12,INTER1,13.69133621280061,1115010.374625484,38.529530401418576,275.59867091555407,0.016706169491262846,N/A,10162.56348063116
4.0,6.283249924147029e-12,Pipe,N/A,N/A,N/A,N/A,N/A,N/A,N/A
4.0,6.283249924147029e-12,INTER2,12.836634638934957,1045670.7592364438,41.09494191399831,275.59867091529645,0.01670616949161458,N/A,10839.217389664178
4.0,6.283249924147029e-12,Chamber,12.00614426226518,1045670.7592387731,N/A,294.0847322934337,N/A,0.600307213113259,N/A
4.0,6.283249924147029e-12,INTER3,12.006144262246444,1045670.7592364438,67.26977345945467,294.0847322932415,0.02557766261688426,N/A,27165.236604358048
4.0,6.283249924147029e-12,Pipe,N/A,N/A,N/A,N/A,N/A,N/A,N/A
4.0,6.283249924147029e-12,INTER4,10.736061288050369,935246.8949550807,75.2278310428382,294.0847322817958,0.025577662616889305,N/A,30378.9016138652
4.0,6.283249924147029e-12,critical_orifice,N/A,N/A,N/A,N/A,N/A,N/A,N/A
4.0,6.283249924147029e-12,INTER5,7.934957094729037,689476.0,101.7838653683557,293.2109302184965,0.02557766261659067,N/A,41102.90020334766
4.0,6.283249924147029e-12,Pressure Outlet,7.936636396007915,689476.0,N/A,N/A,N/A,N/A,N/A
4.5,1.1024401791865882e-10,Pressurant Tank,13.524274517890552,1095698.2631135467,100,274.20055774078645,N/A,0.6762137258945277,N/A
4.5,1.1024401791865882e-10,INTER1,13.524274517858988,1095698.2631135467,36.324739220867755,274.20055774140445,0.015558001701394774,N/A,8922.550037864998
4.5,1.1024401791865882e-10,Pipe,N/A,N/A,N/A,N/A,N/A,N/A,N/A
4.5,1.1024401791865882e-10,INTER2,12.768730826218722,1034728.8879997395,38.47412494813769,274.2005577408419,0.015558001708502037,N/A,9450.50983249563
4.5,1.1024401791865882e-10,Chamber,11.917429331012483,1034728.8879850294,N/A,293.1919023092922,N/A,0.5958714665506242,N/A
4.5,1.1024401791865882e-10,INTER3,11.917429331131357,1034728.8879997395,66.20753299974764,293.1919023105109,0.02498775982076235,N/A,26119.65287537531
4.5,1.1024401791865882e-10,Pipe,N/A,N/A,N/A,N/A,N/A,N/A,N/A
4.5,1.1024401791865882e-10,INTER4,10.691967404944096,928521.2908933226,73.79592228945542,293.19190229791,0.0249877598215099,N/A,29113.361977764063
4.5,1.1024401791865882e-10,critical_orifice,N/A,N/A,N/A,N/A,N/A,N/A,N/A
4.5,1.1024401791865882e-10,INTER5,7.956968482158087,689476.0,99.16133229113049,292.4143693061231,0.024987759820011488,N/A,39120.31547884613
4.5,1.1024401791865882e-10,Pressure Outlet,7.936636396007915,689476.0,N/A,N/A,N/A,N/A,N/A
5.0,4.9758290161309425e-12,Pressurant Tank,13.368694500876606,1077805.3638991073,100,272.8892123428892,N/A,0.6684347250438303,N/A
5.0,4.9758290161309425e-12,INTER1,13.368694500873213,1077805.3638991073,34.572996220755456,272.889212342956,0.014637380066190336,N/A,7989.747246067974
5.0,4.9758290161309425e-12,Pipe,N/A,N/A,N/A,N/A,N/A,N/A,N/A
5.0,4.9758290161309425e-12,INTER2,12.687817198549894,1023136.1938469533,36.42831680292058,272.8892123428243,0.014637380065911518,N/A,8418.5079589588
5.0,4.9758290161309425e-12,Chamber,11.823131749889878,1023136.1938473515,N/A,292.23846648748486,N/A,0.591156587494494,N/A
5.0,4.9758290161309425e-12,INTER3,11.823131749886667,1023136.1938469533,65.05523191351499,292.2384664874512,0.024358586914727975,N/A,25018.829777615818
5.0,4.9758290161309425e-12,Pipe,N/A,N/A,N/A,N/A,N/A,N/A,N/A
5.0,4.9758290161309425e-12,INTER4,10.644909656298918,921368.4034957525,72.2558107835135,292.2384664759853,0.024358586914734654,N/A,27788.01607901551
5.0,4.9758290161309425e-12,critical_orifice,N/A,N/A,N/A,N/A,N/A,N/A,N/A
5.0,4.9758290161309425e-12,INTER5,7.980771975145904,689476.0,96.37621276789727,291.5579952081166,0.024358586914595408,N/A,37064.19900314369
5.0,4.9758290161309425e-12,Pressure Outlet,7.936636396007915,689476.0,N/A,N/A,N/A,N/A,N/A
5.5,2.9347934542973182e-12,Pressurant Tank,13.222320700214702,1061052.7172993156,100,271.6471088529562,N/A,0.6611160350107351,N/A
5.5,2.9347934542973182e-12,INTER1,13.22232070021271,1061052.7172993156,33.16815720409489,271.64710885299576,0.013888852369033054,N/A,7273.113703883815
5.5,2.9347934542973182e-12,Pipe,N/A,N/A,N/A,N/A,N/A,N/A,N/A
5.5,2.9347934542973182e-12,INTER2,12.598789355307455,1011226.0862801309,34.8096947424474,271.64710885293135,0.013888852368875814,N/A,7633.070064718088
5.5,2.9347934542973182e-12,Chamber,11.725919681401713,1011226.0862801357,N/A,291.25073644266433,N/A,0.5862959840700857,N/A
5.5,2.9347934542973182e-12,INTER3,11.725919681401685,1011226.0862801309,63.841290221622,291.2507364426637,0.023707507820135133,N/A,23895.726029106398
5.5,2.9347934542973182e-12,Pipe,N/A,N/A,N/A,N/A,N/A,N/A,N/A
5.5,2.9347934542973182e-12,INTER4,10.596177106520129,913988.8553497525,70.64791707144393,291.2507364312123,0.023707507820134255,N/A,26443.439112927426
5.5,2.9347934542973182e-12,critical_orifice,N/A,N/A,N/A,N/A,N/A,N/A,N/A
5.5,2.9347934542973182e-12,INTER5,8.00575694612063,689476.0,93.5074405246078,290.66469970381496,0.02370750782007326,N/A,34999.734070167535
5.5,2.9347934542973182e-12,Pressure Outlet,7.936636396007915,689476.0,N/A,N/A,N/A,N/A,N/A
6.0,8.937430238084508e-11,Pressurant Tank,13.083432176524372,1045230.2339330916,100,270.4609061809108,N/A,0.6541716088262186,N/A
6.0,8.937430238084508e-11,INTER1,13.08343217654304,1045230.2339330916,32.01683967458613,270.4609061805381,0.013265923257671034,N/A,6705.769393145149
6.0,8.937430238084508e-11,Pipe,N/A,N/A,N/A,N/A,N/A,N/A,N/A
6.0,8.937430238084508e-11,INTER2,12.505261143576757,999238.921448034,33.49711339310098,270.46090618184894,0.01326592326232737,N/A,7015.805435890997
6.0,8.937430238084508e-11,Chamber,11.627733126889119,999238.9214285251,N/A,290.2480701253993,N/A,0.581386656344456,N/A
6.0,8.937430238084508e-11,INTER3,11.627733127048288,999238.921448034,62.58724983054698,290.2480701270603,0.023047204531601726,N/A,22773.867881078135
6.0,8.937430238084508e-11,Pipe,N/A,N/A,N/A,N/A,N/A,N/A,N/A
6.0,8.937430238084508e-11,INTER4,10.546710138630258,906528.1887481372,69.00235510934915,290.24807011414305,0.023047204532730407,N/A,25108.157381498077
6.0,8.937430238084508e-11,critical_orifice,N/A,N/A,N/A,N/A,N/A,N/A,N/A
6.0,8.937430238084508e-11,INTER5,8.031459153309747,689476.0,90.61215705235622,289.75167367563733,0.02304720453077162,N/A,32971.400702901
6.0,8.937430238084508e-11,Pressure Outlet,7.936636396007915,689476.0,N/A,N/A,N/A,N/A,N/A
6.5,5.625965196329653e-11,Pressurant Tank,12.95077294394766,1030184.585238065,100,269.3208657145543,N/A,0.6475386471973831,N/A
6.5,5.625965196329653e-11,INTER1,12.950772943958471,1030184.585238065,31.043877811428228,269.32086571433723,0.012732362259800407,N/A,6240.474665155358
6.5,5.625965196329653e-11,Pipe,N/A,N/A,N/A,N/A,N/A,N/A,N/A
6.5,5.625965196329653e-11,INTER2,12.40978143042883,987339.8895242997,32.39720338049909,269.3208657154458,0.01273236226212323,N/A,6512.5216695817235
6.5,5.625965196329653e-11,Chamber,11.529920314196374,987339.8895052058,N/A,289.2441251802539,N/A,0.5764960157098188,N/A
6.5,5.625965196329653e-11,INTER3,11.529920314352767,987339.8895242997,61.308880972840605,289.24412518189246,0.02238654266213994,N/A,21669.21051824409
6.5,5.625965196329653e-11,Pipe,N/A,N/A,N/A,N/A,N/A,N/A,N/A
6.5,5.625965196329653e-11,INTER4,10.497165131211425,899087.2653264273,67.34070612225108,289.2441251688761,0.022386542663364237,N/A,23801.1184405159
6.5,5.625965196329653e-11,critical_orifice,N/A,N/A,N/A,N/A,N/A,N/A,N/A
6.5,5.625965196329653e-11,INTER5,8.057537648864264,689476.0,87.72984290481635,288.83135142897186,0.02238654266073111,N/A,31007.521330546846
6.5,5.625965196329653e-11,Pressure Outlet,7.936636396007915,689476.0,N/A,N/A,N/A,N/A,N/A
7.0,4.625026647517791e-11,Pressurant Tank,12.823449321349658,1015806.153974383,100,268.2201066358484,N/A,0.6411724660674829,N/A
7.0,4.625026647517791e-11,INTER1,12.823449321358169,1015806.153974383,30.192748825580026,268.2201066356765,0.012261535104709004,N/A,5844.941547606839
7.0,4.625026647517791e-11,Pipe,N/A,N/A,N/A,N/A,N/A,N/A,N/A
7.0,4.625026647517791e-11,INTER2,12.314076060562485,975637.2762440735,31.44167557278926,268.22010663670665,0.012261535105897697,N/A,6086.718270046636
7.0,4.625026647517791e-11,Chamber,11.433378510196208,975637.2762259926,N/A,288.2481747880021,N/A,0.5716689255098104,N/A
7.0,4.625026647517791e-11,INTER3,11.433378510344856,975637.2762440735,60.01739985997382,288.24817478956663,0.02173146925785252,N/A,20592.019400484183
7.0,4.625026647517791e-11,Pipe,N/A,N/A,N/A,N/A,N/A,N/A,N/A
7.0,4.625026647517791e-11,INTER4,10.447981413856827,891732.957265499,65.67791639972192,288.24817477656904,0.02173146925909833,N/A,22534.147295940085
7.0,4.625026647517791e-11,critical_orifice,N/A,N/A,N/A,N/A,N/A,N/A,N/A
7.0,4.625026647517791e-11,INTER5,8.083749033426905,689476.0,84.88656029699153,287.9124418350574,0.021731469256140515,N/A,29124.64885877307
7.0,4.625026647517791e-11,Pressure Outlet,7.936636396007915,689476.0,N/A,N/A,N/A,N/A,N/A
7.5,4.503711930490174e-11,Pressurant Tank,12.700833970302567,1002017.199630551,100,267.153875189364,N/A,0.6350416985151284,N/A
7.5,4.503711930490174e-11,INTER1,12.70083397031026,1002017.199630551,29.423087319920285,267.15387518920767,0.011834715206158426,N/A,5497.670719799051
7.5,4.503711930490174e-11,Pipe,N/A,N/A,N/A,N/A,N/A,N/A,N/A
7.5,4.503711930490174e-11,INTER2,12.21927061983422,964198.5388700366,30.582655756773917,267.15387519016883,0.011834715206823568,N/A,5714.334776260144
7.5,4.503711930490174e-11,Chamber,11.33867916867666,964198.5388535304,N/A,287.26629372271003,N/A,0.566933958433833,N/A
7.5,4.503711930490174e-11,INTER3,11.338679168812849,964198.5388700366,58.720614433758286,287.2662937241503,0.021085814919416822,N/A,19548.509686258985
7.5,4.503711930490174e-11,Pipe,N/A,N/A,N/A,N/A,N/A,N/A,N/A
7.5,4.503711930490174e-11,INTER4,10.39944102791446,884507.6245013593,64.02403801428322,287.26629371124227,0.021085814920637536,N/A,21314.05707206906
7.5,4.503711930490174e-11,critical_orifice,N/A,N/A,N/A,N/A,N/A,N/A,N/A
7.5,4.503711930490174e-11,INTER5,8.10992310735609,689476.0,82.09870781587668,287.0008861318577,0.021085814917520096,N/A,27331.243044708157
7.5,4.503711930490174e-11,Pressure Outlet,7.936636396007915,689476.0,N/A,N/A,N/A,N/A,N/A
8.0,4.549190971542845e-11,Pressurant Tank,12.582486818240982,988762.2823510276,100,266.1189255724714,N/A,0.6291243409120492,N/A
8.0,4.549190971542845e-11,INTER1,12.58248681824838,988762.2823510276,28.707178587653686,266.1189255723203,0.011439165072251949,N/A,5184.626920568519
8.0,4.549190971542845e-11,Pipe,N/A,N/A,N/A,N/A,N/A,N/A,N/A
8.0,4.549190971542845e-11,INTER2,12.126072218731839,953063.0781777569,29.78769132047039,266.1189255732303,0.011439165072665576,N/A,5379.771678213639
8.0,4.549190971542845e-11,Chamber,11.246168171550726,953063.0781626558,N/A,286.3023197606162,N/A,0.5623084085775364,N/A
8.0,4.549190971542845e-11,INTER3,11.246168171675766,953063.0781777569,57.42388814609046,286.3023197619447,0.020451939555241813,N/A,18542.13624764488
8.0,4.549190971542845e-11,Pipe,N/A,N/A,N/A,N/A,N/A,N/A,N/A
8.0,4.549190971542845e-11,INTER4,10.351716814466132,877436.6928459101,62.38566169982099,286.3023197491412,0.02045193955641994,N/A,20144.289711997695
8.0,4.549190971542845e-11,critical_orifice,N/A,N/A,N/A,N/A,N/A,N/A,N/A
8.0,4.549190971542845e-11,INTER5,8.135942352913343,689476.0,79.37601756340617,286.100653049613,0.02045193955325545,N/A,25630.464599833736
8.0,4.549190971542845e-11,Pressure Outlet,7.936636396007915,689476.0,N/A,N/A,N/A,N/A,N/A
8.5,4.5834425918599884e-11,Pressurant Tank,12.468095167518465,976001.0996392966,100,265.11304225744016,N/A,0.6234047583759232,N/A
8.5,4.5834425918599884e-11,INTER1,12.468095167525862,976001.0996392966,28.02657163964492,265.11304225728827,0.011066426815006794,N/A,4896.774043723913
8.5,4.5834425918599884e-11,Pipe,N/A,N/A,N/A,N/A,N/A,N/A,N/A
8.5,4.5834425918599884e-11,INTER2,12.034906251872764,942251.6745664304,29.03537053951815,265.11304225817105,0.011066426815289127,N/A,5073.030359886257
8.5,4.5834425918599884e-11,Chamber,11.156040426724964,942251.6745523232,N/A,285.358576654756,N/A,0.5578020213362482,N/A
8.5,4.5834425918599884e-11,INTER3,11.156040426842182,942251.6745664304,56.13088860969312,285.35857665600713,0.01983121527252643,N/A,17574.538073756623
8.5,4.5834425918599884e-11,Pipe,N/A,N/A,N/A,N/A,N/A,N/A,N/A
8.5,4.5834425918599884e-11,INTER4,10.30490836801288,870534.2867394207,60.76700929276149,285.3585766432998,0.019831215273659636,N/A,19026.103896751105
8.5,4.5834425918599884e-11,critical_orifice,N/A,N/A,N/A,N/A,N/A,N/A,N/A
8.5,4.5834425918599884e-11,INTER5,8.161725993902202,689476.0,76.7237791282165,285.21434877304466,0.019831215270526965,N/A,24022.15626215002
8.5,4.5834425918599884e-11,Pressure Outlet,7.936636396007915,689476.0,N/A,N/A,N/A,N/A,N/A
9.0,4.5788621672421333e-11,Pressurant Tank,12.357430899368397,963703.4144407631,100,264.1346939416224,N/A,0.6178715449684199,N/A
9.0,4.5788621672421333e-11,INTER1,12.357430899375968,963703.4144407631,27.369294299656314,264.1346939414661,0.010710977872851966,N/A,4628.341482724169
9.0,4.5788621672421333e-11,Pipe,N/A,N/A,N/A,N/A,N/A,N/A,N/A
9.0,4.5788621672421333e-11,INTER2,11.94601363456094,931773.106565272,28.31188490365688,264.1346939423417,0.010710977873058374,N/A,4787.740228942546
9.0,4.5788621672421333e-11,Chamber,11.06839254215259,931773.1065517819,N/A,284.4363895012724,N/A,0.5534196271076296,N/A
9.0,4.5788621672421333e-11,INTER3,11.068392542265064,931773.106565272,54.84413708799759,284.43638950247833,0.019224368949045275,N/A,16646.19480966946
9.0,4.5788621672421333e-11,Pipe,N/A,N/A,N/A,N/A,N/A,N/A,N/A
9.0,4.5788621672421333e-11,INTER4,10.259067543652959,863807.2030274217,59.17072242513778,284.4363894898538,0.019224368950137037,N/A,17959.392286422062
9.0,4.5788621672421333e-11,critical_orifice,N/A,N/A,N/A,N/A,N/A,N/A,N/A
9.0,4.5788621672421333e-11,INTER5,8.187218303907356,689476.0,74.14440599199322,284.343659437857,0.019224368947089062,N/A,22504.178050682774
9.0,4.5788621672421333e-11,Pressure Outlet,7.936636396007915,689476.0,N/A,N/A,N/A,N/A,N/A
9.5,1.2941102496358485e-11,Pressurant Tank,12.250321120639876,951845.6010363979,100,263.1827936022036,N/A,0.6125160560319939,N/A
9.5,1.2941102496358485e-11,INTER1,12.250321120642912,951845.6010363979,26.727759676637827,263.1827936021406,0.010369250415679212,N/A,4375.650166139725
9.5,1.2941102496358485e-11,Pipe,N/A,N/A,N/A,N/A,N/A,N/A,N/A
9.5,1.2941102496358485e-11,INTER2,11.859517216809742,921628.6209943349,27.608513305135677,263.1827936021044,0.010369250415634655,N/A,4519.839945117507
9.5,1.2941102496358485e-11,Chamber,10.983258631392722,921628.6209962304,N/A,283.5364382115595,N/A,0.5491629315696361,N/A
9.5,1.2941102496358485e-11,INTER3,10.983258631376854,921628.6209943349,53.768968991345915,283.5364382113891,0.018702525320834468,N/A,15876.860642782272
9.5,1.2941102496358485e-11,Pipe,N/A,N/A,N/A,N/A,N/A,N/A,N/A
9.5,1.2941102496358485e-11,INTER4,10.20841384243594,856771.878645601,57.850171622127576,283.536438200261,0.018702525320840407,N/A,17081.955079958436
9.5,1.2941102496358485e-11,critical_orifice,N/A,N/A,N/A,N/A,N/A,N/A,N/A
9.5,1.2941102496358485e-11,INTER5,8.212544274766111,689476.0,71.90932225504984,283.4841144070155,0.018702525321264738,N/A,21233.330484175163
9.5,1.2941102496358485e-11,Pressure Outlet,7.936636396007915,689476.0,N/A,N/A,N/A,N/A,N/A
10.0,2.1976721983793596e-11,Pressurant Tank,12.146628616483085,940408.35757385,100,262.2565372754645,N/A,0.6073314308241543,N/A
10.0,2.1976721983793596e-11,INTER1,12.146628616483545,940408.35757385,26.13619056221338,262.25653727545495,0.010053918793092413,N/A,4148.683780098233
10.0,2.1976721983793596e-11,Pipe,N/A,N/A,N/A,N/A,N/A,N/A,N/A
10.0,2.1976721983793596e-11,INTER2,11.774376009044053,911730.8982278861,26.962498902261306,262.2565372757069,0.010053918793403211,N/A,4279.846429950154
10.0,2.1976721983793596e-11,Chamber,10.899925882340726,911730.89822245,N/A,282.65145571928974,N/A,0.5449962941170363,N/A
10.0,2.1976721983793596e-11,INTER3,10.89992588238638,911730.8982278861,52.781432204518154,282.6514557197824,0.01821973463176505,N/A,15182.94049992944
10.0,2.1976721983793596e-11,Pipe,N/A,N/A,N/A,N/A,N/A,N/A,N/A
10.0,2.1976721983793596e-11,INTER4,10.156183480600061,849678.9724675971,56.6466429152865,282.65145570792737,0.018219734632152484,N/A,16294.794835980425
10.0,2.1976721983793596e-11,critical_orifice,N/A,N/A,N/A,N/A,N/A,N/A,N/A
10.0,2.1976721983793596e-11,INTER5,8.237779066958675,689476.0,69.83844726706735,282.6330297560944,0.01821973463081799,N/A,20089.507713613326
10.0,2.1976721983793596e-11,Pressure Outlet,7.936636396007915,689476.0,N/A,N/A,N/A,N/A,N/A
10.5,2.256061930660866e-11,Pressurant Tank,12.046089428552161,929358.7996678615,100,261.3539510008909,N/A,0.6023044714276081,N/A
10.5,2.256061930660866e-11,INTER1,12.046089428552044,929358.7996678615,25.592852872257303,261.35395100089346,0.00976342321234546,N/A,3945.058861151088
10.5,2.256061930660866e-11,Pipe,N/A,N/A,N/A,N/A,N/A,N/A,N/A
10.5,2.256061930660866e-11,INTER2,11.690502937343553,902063.0464347115,26.371302936224115,261.35395100108974,0.009763423212551884,N/A,4065.0545232347204
10.5,2.256061930660866e-11,Chamber,10.818267723957108,902063.04643025,N/A,281.7803038639404,N/A,0.5409133861978555,N/A
10.5,2.256061930660866e-11,INTER3,10.818267723994703,902063.0464347115,51.79484027422711,281.7803038643477,0.01774522682357113,N/A,14511.113048401598
10.5,2.256061930660866e-11,Pipe,N/A,N/A,N/A,N/A,N/A,N/A,N/A
10.5,2.256061930660866e-11,INTER4,10.104802388535548,842727.3479707735,55.45189576943849,281.780303852587,0.017745226823942112,N/A,15535.692822200403
10.5,2.256061930660866e-11,critical_orifice,N/A,N/A,N/A,N/A,N/A,N/A,N/A
10.5,2.256061930660866e-11,INTER5,8.262871015846335,689476.0,67.81304557474905,281.79202497559044,0.017745226822549115,N/A,18998.85712987851
10.5,2.256061930660866e-11,Pressure Outlet,7.936636396007915,689476.0,N/A,N/A,N/A,N/A,N/A
11.0,2.3005114879202092e-11,Pressurant Tank,11.948455196428709,918666.2510235579,100,260.4731512079286,N/A,0.5974227598214354,N/A
11.0,2.3005114879202092e-11,INTER1,11.94845519642843,918666.2510235579,25.079354405836654,260.4731512079345,0.009489983209640703,N/A,3757.6339333917485
11.0,2.3005114879202092e-11,Pipe,N/A,N/A,N/A,N/A,N/A,N/A,N/A
11.0,2.3005114879202092e-11,INTER2,11.608254779763813,892642.8108340453,25.81434919922893,260.4731512081051,0.009489983209797534,N/A,3867.7580352098303
11.0,2.3005114879202092e-11,Chamber,10.738449687846915,892642.8108301625,N/A,280.92495721502144,N/A,0.5369224843923458,N/A
11.0,2.3005114879202092e-11,INTER3,10.73844968787974,892642.8108340453,50.8117660017505,280.9249572153785,0.017279978909017318,N/A,13862.455654359537
11.0,2.3005114879202092e-11,Pipe,N/A,N/A,N/A,N/A,N/A,N/A,N/A
11.0,2.3005114879202092e-11,INTER4,10.054375480425042,835930.3712870255,54.268869691173194,280.92495720370147,0.01727997890937193,N/A,14805.621979279878
11.0,2.3005114879202092e-11,critical_orifice,N/A,N/A,N/A,N/A,N/A,N/A,N/A
11.0,2.3005114879202092e-11,INTER5,8.287751406795792,689476.0,65.83686767939945,280.96324517785865,0.017279978907967643,N/A,17961.60083356934
11.0,2.3005114879202092e-11,Pressure Outlet,7.936636396007915,689476.0,N/A,N/A,N/A,N/A,N/A
11.5,2.3269299837588745e-11,Pressurant Tank,11.853555364332301,908308.9675186814,100,259.6129149148585,N/A,0.5926777682166151,N/A
11.5,2.3269299837588745e-11,INTER1,11.853555364332056,908308.9675186814,24.584515488417882,259.61291491486367,0.009228850654387655,N/A,3582.134958926589
11.5,2.3269299837588745e-11,Pipe,N/A,N/A,N/A,N/A,N/A,N/A,N/A
11.5,2.3269299837588745e-11,INTER2,11.52782188538755,883477.4330769539,25.279182689383926,259.61291491502425,0.009228850654519075,N/A,3683.3528034621863
11.5,2.3269299837588745e-11,Chamber,10.660549730854717,883477.4330734174,N/A,280.086476503056,N/A,0.5330274865427359,N/A
11.5,2.3269299837588745e-11,INTER3,10.660549730884709,883477.4330769539,49.83385413058004,280.0864765033836,0.01682447065721752,N/A,13237.27398773487
11.5,2.3269299837588745e-11,Pipe,N/A,N/A,N/A,N/A,N/A,N/A,N/A
11.5,2.3269299837588745e-11,INTER4,10.004954247692648,829294.0202191486,53.099321306135536,280.086476491782,0.016824470657556843,N/A,14104.673960486203
11.5,2.3269299837588745e-11,critical_orifice,N/A,N/A,N/A,N/A,N/A,N/A,N/A
11.5,2.3269299837588745e-11,INTER5,8.31237640811737,689476.0,63.911480198210086,280.1479614965447,0.016824470656164808,N/A,16976.687616326977
11.5,2.3269299837588745e-11,Pressure Outlet,7.936636396007915,689476.0,N/A,N/A,N/A,N/A,N/A
12.0,2.3408290659696728e-11,Pressurant Tank,11.761266857788426,898270.6812028469,100,258.77242071805665,N/A,0.5880633428894213,N/A
12.0,2.3408290659696728e-11,INTER1,11.761266857788302,898270.6812028469,24.10168970751757,258.77242071805927,0.008977159198065094,N/A,3416.009660360596
12.0,2.3408290659696728e-11,Pipe,N/A,N/A,N/A,N/A,N/A,N/A,N/A
12.0,2.3408290659696728e-11,INTER2,11.44929471697641,874567.9530079188,24.758416250489667,258.772420718218,0.008977159198182599,N/A,3509.0896163030716
12.0,2.3408290659696728e-11,Chamber,10.584593530827732,874567.9530045959,N/A,279.2653695456378,N/A,0.5292296765413866,N/A
12.0,2.3408290659696728e-11,INTER3,10.584593530856,874567.9530079188,48.8621760765506,279.26536954594786,0.016378884532252735,N/A,12635.423363047435
12.0,2.3408290659696728e-11,Pipe,N/A,N/A,N/A,N/A,N/A,N/A,N/A
12.0,2.3408290659696728e-11,INTER4,9.956558257178074,822819.8895261447,51.94428229662694,279.2653695344156,0.016378884532577832,N/A,13432.434877486789
12.0,2.3408290659696728e-11,critical_orifice,N/A,N/A,N/A,N/A,N/A,N/A,N/A
12.0,2.3408290659696728e-11,INTER5,8.336717660504139,689476.0,62.03715824762728,279.34690679806795,0.016378884531210183,N/A,16042.383323681532
12.0,2.3408290659696728e-11,Pressure Outlet,7.936636396007915,689476.0,N/A,N/A,N/A,N/A,N/A
12.5,2.3457831666787717e-11,Pressurant Tank,11.671495265807774,888538.4653671309,100,257.95108691539696,N/A,0.5835747632903887,N/A
12.5,2.3457831666787717e-11,INTER1,11.67149526580781,888538.4653671309,23.62701205528371,257.95108691539616,0.008733184454807249,N/A,3257.722657060598
12.5,2.3457831666787717e-11,Pipe,N/A,N/A,N/A,N/A,N/A,N/A,N/A
12.5,2.3457831666787717e-11,INTER2,11.372705031822283,865911.8505556381,24.24775447707992,257.9510869155572,0.008733184454916516,N/A,3343.31141656776
12.5,2.3457831666787717e-11,Chamber,10.510576277487031,865911.8505524519,N/A,278.4618156736826,N/A,0.5255288138743516,N/A
12.5,2.3457831666787717e-11,INTER3,10.510576277514215,865911.8505556381,47.897454846361875,278.4618156739821,0.01594322947153268,N/A,12056.504318081908
12.5,2.3457831666787717e-11,Pipe,N/A,N/A,N/A,N/A,N/A,N/A,N/A
12.5,2.3457831666787717e-11,INTER4,9.909188469844432,816507.0435301398,50.80434731899164,278.461815662515,0.01594322947184445,N/A,12788.212542931364
12.5,2.3457831666787717e-11,critical_orifice,N/A,N/A,N/A,N/A,N/A,N/A,N/A
12.5,2.3457831666787717e-11,INTER5,8.360756327384427,689476.0,60.21343439710322,278.5604862466422,0.015943229470508136,N/A,15156.620202413667
12.5,2.3457831666787717e-11,Pressure Outlet,7.936636396007915,689476.0,N/A,N/A,N/A,N/A,N/A
13.0,2.3434695022897218e-11,Pressurant Tank,11.584163421259701,879101.4434164392,100,257.14847268952667,N/A,0.579208171062985,N/A
13.0,2.3434695022897218e-11,INTER1,11.584163421259912,879101.4434164392,23.15829270707646,257.14847268952224,0.008495883459260917,N/A,3106.3311921932946
13.0,2.3434695022897218e-11,Pipe,N/A,N/A,N/A,N/A,N/A,N/A,N/A
13.0,2.3434695022897218e-11,INTER2,11.298050793549516,857504.6318582348,23.74475492999096,257.14847268968776,0.008495883459364723,N/A,3184.996140427017
13.0,2.3434695022897218e-11,Chamber,10.43847582732087,857504.6318551392,N/A,277.67580219809867,N/A,0.5219237913660435,N/A
13.0,2.3434695022897218e-11,INTER3,10.438475827347363,857504.6318582348,46.94020434417781,277.6758021983915,0.015517415805648058,N/A,11499.978963926707
13.0,2.3434695022897218e-11,Pipe,N/A,N/A,N/A,N/A,N/A,N/A,N/A
13.0,2.3434695022897218e-11,INTER4,9.8628353082776,810353.1325672554,49.67985098318144,277.67580218698663,0.0155174158059472,N/A,12171.170731587936
13.0,2.3434695022897218e-11,critical_orifice,N/A,N/A,N/A,N/A,N/A,N/A,N/A
13.0,2.3434695022897218e-11,INTER5,8.384479418058243,689476.0,58.43942884402749,277.7889065165202,0.015517415804646741,N/A,14317.198054767281
13.0,2.3434695022897218e-11,Pressure Outlet,7.936636396007915,689476.0,N/A,N/A,N/A,N/A,N/A
13.5,2.3345116431196675e-11,Pressurant Tank,11.49920458666709,869950.0200226961,100,256.36421886979014,N/A,0.5749602293333546,N/A
13.5,2.3345116431196675e-11,INTER1,11.499204586667478,869950.0200226961,22.69433527384536,256.36421886978184,0.008264614470061485,N/A,2961.2340757505963
13.5,2.3345116431196675e-11,Pipe,N/A,N/A,N/A,N/A,N/A,N/A,N/A
13.5,2.3345116431196675e-11,INTER2,11.225310974470833,849340.7640250054,23.248069017332472,256.36421886995305,0.0082646144701611,N/A,3033.4871385149636
13.5,2.3345116431196675e-11,Chamber,10.368260503858036,849340.7640219711,N/A,276.90720595173207,N/A,0.5184130251929018,N/A
13.5,2.3345116431196675e-11,INTER3,10.368260503884075,849340.7640250054,45.99081406265963,276.90720595202123,0.015101299789162465,N/A,10965.238909753156
13.5,2.3345116431196675e-11,Pipe,N/A,N/A,N/A,N/A,N/A,N/A,N/A
13.5,2.3345116431196675e-11,INTER4,9.817483455476957,804355.0534766004,48.570974747138,276.90720594067574,0.015101299789449586,N/A,11580.406936621252
13.5,2.3345116431196675e-11,critical_orifice,N/A,N/A,N/A,N/A,N/A,N/A,N/A
13.5,2.3345116431196675e-11,INTER5,8.407877554465948,689476.0,56.714044402717185,277.0322538029362,0.015101299788188345,N/A,13521.896905907137
13.5,2.3345116431196675e-11,Pressure Outlet,7.936636396007915,689476.0,N/A,N/A,N/A,N/A,N/A
14.0,2.3190434199574194e-11,Pressurant Tank,11.416558441966474,861075.4284271545,100,255.59801295255986,N/A,0.5708279220983238,N/A
14.0,2.3190434199574194e-11,INTER1,11.416558441967032,861075.4284271545,22.23452429950888,255.59801295254778,0.008038969453333874,N/A,2822.0252358859543
14.0,2.3190434199574194e-11,Pipe,N/A,N/A,N/A,N/A,N/A,N/A,N/A
14.0,2.3190434199574194e-11,INTER2,11.154454216788041,841414.2167685324,22.75698489269522,255.59801295272504,0.008038969453429728,N/A,2888.3363905404344
14.0,2.3190434199574194e-11,Chamber,10.299893650668022,841414.2167655396,N/A,276.15584129837634,N/A,0.5149946825334011,N/A
14.0,2.3190434199574194e-11,INTER3,10.299893650693777,841414.2167685324,45.04959974344696,276.15584129866346,0.01469470964420686,N/A,10451.644234606807
14.0,2.3190434199574194e-11,Pipe,N/A,N/A,N/A,N/A,N/A,N/A,N/A
14.0,2.3190434199574194e-11,INTER4,9.773114663421877,798509.33382038,47.477810539681734,276.1558412873755,0.014694709644482506,N/A,11014.996529027072
14.0,2.3190434199574194e-11,critical_orifice,N/A,N/A,N/A,N/A,N/A,N/A,N/A
14.0,2.3190434199574194e-11,INTER5,8.430943633443304,689476.0,55.03607976851387,276.2905403409874,0.014694709643263259,N/A,12768.537990277802
14.0,2.3190434199574194e-11,Pressure Outlet,7.936636396007915,689476.0,N/A,N/A,N/A,N/A,N/A
14.5,2.2968637885467856e-11,Pressurant Tank,11.336168747433137,852469.4658904454,100,254.84956872400014,N/A,0.5668084373716569,N/A
14.5,2.2968637885467856e-11,INTER1,11.336168747433861,852469.4658904454,21.778579401880318,254.8495687239844,0.0078186753708942,N/A,2688.4093786945054
14.5,2.2968637885467856e-11,Pipe,N/A,N/A,N/A,N/A,N/A,N/A,N/A
14.5,2.2968637885467856e-11,INTER2,11.085443827941981,833718.7708093367,22.271156212952818,254.8495687241681,0.007818675370986263,N/A,2749.2144521055566
14.5,2.2968637885467856e-11,Chamber,10.23333624876025,833718.7708063705,N/A,275.42148802325073,N/A,0.5116668124380125,N/A
14.5,2.2968637885467856e-11,INTER3,10.233336248785845,833718.7708093367,44.116833213467714,275.4214880235371,0.014297460549169564,N/A,9958.545447914832
14.5,2.2968637885467856e-11,Pipe,N/A,N/A,N/A,N/A,N/A,N/A,N/A
14.5,2.2968637885467856e-11,INTER4,9.729709370381475,792812.3515572216,46.40039813395542,275.42148801230513,0.014297460549434277,N/A,10474.01728476358
14.5,2.2968637885467856e-11,critical_orifice,N/A,N/A,N/A,N/A,N/A,N/A,N/A
14.5,2.2968637885467856e-11,INTER5,8.453672034397563,689476.0,53.404294209581984,275.56373189304526,0.014297460548259531,N/A,12055.015109374004
14.5,2.2968637885467856e-11,Pressure Outlet,7.936636396007915,689476.0,N/A,N/A,N/A,N/A,N/A
15.0,2.2675266378933465e-11,Pressurant Tank,11.257981993724195,844124.3395618243,100,254.11861454271974,N/A,0.5628990996862098,N/A
15.0,2.2675266378933465e-11,INTER1,11.257981993725073,844124.3395618243,21.326410669787702,254.11861454270058,0.0076035367535429695,N/A,2560.1539987165747
15.0,2.2675266378933465e-11,Pipe,N/A,N/A,N/A,N/A,N/A,N/A,N/A
15.0,2.2675266378933465e-11,INTER2,11.0182406196359,826248.1899356275,21.790443284217204,254.11861454289075,0.0076035367536309495,N/A,2615.859338560522
15.0,2.2675266378933465e-11,Chamber,10.168548396978418,826248.1899326756,N/A,274.70390732918986,N/A,0.5084274198489209,N/A
15.0,2.2675266378933465e-11,INTER3,10.168548397003962,826248.1899356275,43.192759669575196,274.7039073294767,0.013909363112290855,N/A,9485.295605047646
15.0,2.2675266378933465e-11,Pipe,N/A,N/A,N/A,N/A,N/A,N/A,N/A
15.0,2.2675266378933465e-11,INTER4,9.687247615381409,787260.4581298332,45.33874682948061,274.70390731829883,0.0139093631125452,N/A,9956.562612294269
15.0,2.2675266378933465e-11,critical_orifice,N/A,N/A,N/A,N/A,N/A,N/A,N/A
15.0,2.2675266378933465e-11,INTER5,8.476058154157114,689476.0,51.817443802841765,274.85176390063566,0.013909363111417376,N/A,11379.309303157266
15.0,2.2675266378933465e-11,Pressure Outlet,7.936636396007915,689476.0,N/A,N/A,N/A,N/A,N/A
15.5,2.230540370402541e-11,Pressurant Tank,11.181946626188765,836032.5763673935,100,253.40488669047048,N/A,0.5590973313094383,N/A
15.5,2.230540370402541e-11,INTER1,11.181946626189788,836032.5763673935,20.878034655995577,253.4048866904481,0.007393402687703138,N/A,2437.062390545784
15.5,2.230540370402541e-11,Pipe,N/A,N/A,N/A,N/A,N/A,N/A,N/A
15.5,2.230540370402541e-11,INTER2,10.952804495287324,818996.3144375264,21.31482117535911,253.40488669064476,0.007393402687786602,N/A,2488.047840908517
15.5,2.230540370402541e-11,Chamber,10.105490133391818,818996.3144345774,N/A,274.0028508940158,N/A,0.505274506669591,N/A
15.5,2.230540370402541e-11,INTER3,10.105490133417407,818996.3144375264,42.27760750038964,274.0028508943042,0.013530228056481944,N/A,9031.25680610114
15.5,2.230540370402541e-11,Pipe,N/A,N/A,N/A,N/A,N/A,N/A,N/A
15.5,2.230540370402541e-11,INTER4,9.64570954338895,781850.0456177663,44.29284787662158,274.00285088317895,0.013530228056726509,N/A,9461.748370006153
15.5,2.230540370402541e-11,critical_orifice,N/A,N/A,N/A,N/A,N/A,N/A,N/A
15.5,2.230540370402541e-11,INTER5,8.498098135404646,689476.0,50.27430121728117,274.1545509697088,0.01353022805564801,N/A,10739.494305783037
15.5,2.230540370402541e-11,Pressure Outlet,7.936636396007915,689476.0,N/A,N/A,N/A,N/A,N/A
16.0,2.185278827327608e-11,Pressurant Tank,11.108012599311733,828186.9696121884,100,252.70812565213504,N/A,0.5554006299655867,N/A
16.0,2.185278827327608e-11,INTER1,11.10801259931289,828186.9696121884,20.433526140860213,252.70812565210963,0.007188148049135219,N/A,2318.9586437995513
16.0,2.185278827327608e-11,Pipe,N/A,N/A,N/A,N/A,N/A,N/A,N/A
16.0,2.185278827327608e-11,INTER2,10.889095320359386,811957.1098156929,20.8443272049574,252.70812565231293,0.007188148049213661,N/A,2365.5796074272025
16.0,2.185278827327608e-11,Chamber,10.044121879704866,811957.1098127364,N/A,273.31806593168693,N/A,0.5022060939852433,N/A
16.0,2.185278827327608e-11,INTER3,10.04412187973059,811957.1098156929,41.37159372902318,273.3180659319777,0.013159868729381382,N/A,8595.803536493437
16.0,2.185278827327608e-11,Pipe,N/A,N/A,N/A,N/A,N/A,N/A,N/A
16.0,2.185278827327608e-11,INTER4,9.605075675171468,776577.5819272547,43.262681506465285,273.31806592090373,0.013159868729616803,N/A,8988.716101532122
16.0,2.185278827327608e-11,critical_orifice,N/A,N/A,N/A,N/A,N/A,N/A,N/A
16.0,2.185278827327608e-11,INTER5,8.519788708168798,689476.0,48.77366610624947,273.47199247974146,0.013159868728590061,N/A,10133.737035238406
16.0,2.185278827327608e-11,Pressure Outlet,7.936636396007915,689476.0,N/A,N/A,N/A,N/A,N/A
16.5,2.1311924305889967e-11,Pressurant Tank,11.036131118820382,820580.5464346001,100,252.0280740685493,N/A,0.5518065559410191,N/A
16.5,2.1311924305889967e-11,INTER1,11.036131118821661,820580.5464346001,19.992990737795978,252.02807406852108,0.006987662946113989,N/A,2205.6793921309545
16.5,2.1311924305889967e-11,Pipe,N/A,N/A,N/A,N/A,N/A,N/A,N/A
16.5,2.1311924305889967e-11,INTER2,10.827073387130879,805124.6904155406,20.379031281367794,252.02807406873114,0.006987662946186876,N/A,2248.2684016052876
16.5,2.1311924305889967e-11,Chamber,9.984404672903189,805124.6904125669,N/A,272.6492979814623,N/A,0.49922023364515944,N/A
16.5,2.1311924305889967e-11,INTER3,9.984404672929127,805124.6904155406,40.474926920117625,272.64929798175655,0.0127981023817898,N/A,8178.324259854937
16.5,2.1311924305889967e-11,Pipe,N/A,N/A,N/A,N/A,N/A,N/A,N/A
16.5,2.1311924305889967e-11,INTER4,9.565327043584759,771439.6279719893,42.24822085470524,272.6492979707324,0.01279810238201675,N/A,8536.634303004397
16.5,2.1311924305889967e-11,critical_orifice,N/A,N/A,N/A,N/A,N/A,N/A,N/A
16.5,2.1311924305889967e-11,INTER5,8.54112709650524,689476.0,47.31437020993365,272.8039759620535,0.012798102381044221,N/A,9560.295500194836
16.5,2.1311924305889967e-11,Pressure Outlet,7.936636396007915,689476.0,N/A,N/A,N/A,N/A,N/A
17.0,2.0676460917925746e-11,Pressurant Tank,10.96625448935924,813206.5470127057,100,251.3644756335281,N/A,0.5483127244679621,N/A
17.0,2.0676460917925746e-11,INTER1,10.966254489360626,813206.5470127057,19.556549484898436,251.36447563349736,0.0067918468335031795,N/A,2097.069321808029
17.0,2.0676460917925746e-11,Pipe,N/A,N/A,N/A,N/A,N/A,N/A,N/A
17.0,2.0676460917925746e-11,INTER2,10.766699653222481,798493.3292340394,19.91901933691364,251.36447563371405,0.0067918468335699785,N/A,2135.9373443975546
17.0,2.0676460917925746e-11,Chamber,9.92630027854716,798493.329231039,N/A,271.9962924225051,N/A,0.496315013927358,N/A
17.0,2.0676460917925746e-11,INTER3,9.926300278573397,798493.3292340394,39.587808638999924,271.9962924228037,0.01244475075869333,N/A,7778.222061733662
17.0,2.0676460917925746e-11,Pipe,N/A,N/A,N/A,N/A,N/A,N/A,N/A
17.0,2.0676460917925746e-11,INTER4,9.526445255076702,766432.8448653367,41.249434118033264,271.99629241182805,0.012444750758912536,N/A,8104.698631398466
17.0,2.0676460917925746e-11,critical_orifice,N/A,N/A,N/A,N/A,N/A,N/A,N/A
17.0,2.0676460917925746e-11,INTER5,8.562110962287838,689476.0,45.89527952046277,272.15037920514874,0.012444750757996718,N/A,9017.51544094895
17.0,2.0676460917925746e-11,Pressure Outlet,7.936636396007915,689476.0,N/A,N/A,N/A,N/A,N/A
17.5,2.043971526958715e-11,Pressurant Tank,10.89833602102421,806058.4103649707,100,250.7170745179866,N/A,0.5449168010512105,N/A
17.5,2.043971526958715e-11,INTER1,10.898336021024381,806058.4103649707,19.12433023932373,250.71707451798275,0.00660060525050568,N/A,1992.9787468685997
17.5,2.043971526958715e-11,Pipe,N/A,N/A,N/A,N/A,N/A,N/A,N/A
17.5,2.043971526958715e-11,INTER2,10.707935855733632,792057.4602501207,19.464384166380622,250.71707451799205,0.0066006052504985055,N/A,2028.4163408073343
17.5,2.043971526958715e-11,Chamber,9.869771239295925,792057.4602500469,N/A,271.3587952834901,N/A,0.4934885619647963,N/A
17.5,2.043971526958715e-11,INTER3,9.869771239296572,792057.4602501207,38.41487863366123,271.3587952834975,0.012007259153186059,N/A,7282.425022249303
17.5,2.043971526958715e-11,Pipe,N/A,N/A,N/A,N/A,N/A,N/A,N/A
17.5,2.043971526958715e-11,INTER4,9.494134804120979,762011.7574921758,39.93476731962058,271.35879527286437,0.012007259153316054,N/A,7570.554929058739
17.5,2.043971526958715e-11,critical_orifice,N/A,N/A,N/A,N/A,N/A,N/A,N/A
17.5,2.043971526958715e-11,INTER5,8.582636210181091,689476.0,44.17594489833943,271.51423013743533,0.012007259153308766,N/A,8374.567822545792
17.5,2.043971526958715e-11,Pressure Outlet,7.936636396007915,689476.0,N/A,N/A,N/A,N/A,N/A
18.0,3.5938738025092746e-11,Pressurant Tank,10.832329968519154,799129.7638580004,100,250.08561508550645,N/A,0.5416164984259577,N/A
18.0,3.5938738025092746e-11,INTER1,10.832329968525265,799129.7638580004,18.62098749290971,250.0856150853701,0.006387956074510141,N/A,1878.0074117804331
18.0,3.5938738025092746e-11,Pipe,N/A,N/A,N/A,N/A,N/A,N/A,N/A
18.0,3.5938738025092746e-11,INTER2,10.652173398820262,785916.4827943599,18.935917892596333,250.08561508612547,0.006387956074344806,N/A,1909.7695094732237
18.0,3.5938738025092746e-11,Chamber,9.81570470026905,785916.4827849254,N/A,270.7470246852215,N/A,0.49078523501345256,N/A
18.0,3.5938738025092746e-11,INTER3,9.815704700351942,785916.4827943599,37.248066006004244,270.7470246861712,0.011578773129747446,N/A,6809.244759103238
18.0,3.5938738025092746e-11,Pipe,N/A,N/A,N/A,N/A,N/A,N/A,N/A
18.0,3.5938738025092746e-11,INTER4,9.463301331586178,757794.7428969177,38.635144733354906,270.7470246748269,0.011578773130603369,N/A,7062.813859109682
18.0,3.5938738025092746e-11,critical_orifice,N/A,N/A,N/A,N/A,N/A,N/A,N/A
18.0,3.5938738025092746e-11,INTER5,8.602466111449992,689476.0,42.50130274575537,270.90258190306497,0.011578773129389007,N/A,7769.578504317124
18.0,3.5938738025092746e-11,Pressure Outlet,7.936636396007915,689476.0,N/A,N/A,N/A,N/A,N/A
18.5,4.002192757014386e-11,Pressurant Tank,10.768450407774052,792441.4901150506,100,249.4723320715559,N/A,0.5384225203887026,N/A
18.5,4.002192757014386e-11,INTER1,10.768450407778229,792441.4901150506,18.08247452465402,249.47233207146238,0.006166637309877573,N/A,1760.5118007296908
18.5,4.002192757014386e-11,Pipe,N/A,N/A,N/A,N/A,N/A,N/A,N/A
18.5,4.002192757014386e-11,INTER2,10.598852444129003,780034.0687340911,18.37182196781373,249.4723320721518,0.006166637309814723,N/A,1788.6827010768452
18.5,4.002192757014386e-11,Chamber,9.763796529715025,780034.0687250078,N/A,270.15777985736435,N/A,0.48818982648575127,N/A
18.5,4.002192757014386e-11,INTER3,9.763796529795025,780034.0687340911,36.10526251153115,270.15777985828333,0.011164173043751448,N/A,6363.9936665114255
18.5,4.002192757014386e-11,Pipe,N/A,N/A,N/A,N/A,N/A,N/A,N/A
18.5,4.002192757014386e-11,INTER4,9.433350223467311,753723.7647783232,37.370014734014724,270.1577798469549,0.011164173044532672,N/A,6586.921699444658
18.5,4.002192757014386e-11,critical_orifice,N/A,N/A,N/A,N/A,N/A,N/A,N/A
18.5,4.002192757014386e-11,INTER5,8.621696589429357,689476.0,40.88805876432872,270.312172312014,0.011164173043098231,N/A,7207.019943804722
18.5,4.002192757014386e-11,Pressure Outlet,7.936636396007915,689476.0,N/A,N/A,N/A,N/A,N/A
19.0,4.3364242413602635e-11,Pressurant Tank,10.706784034675275,786000.9997381037,100,248.87825651824576,N/A,0.5353392017337638,N/A
19.0,4.3364242413602635e-11,INTER1,10.706784034678284,786000.9997381037,17.532224407179566,248.87825651817818,0.005944747261092077,N/A,1645.5197102844118
19.0,4.3364242413602635e-11,Pipe,N/A,N/A,N/A,N/A,N/A,N/A,N/A
19.0,4.3364242413602635e-11,INTER2,10.547587777908054,774383.1385525451,17.796840787493014,248.8782565187959,0.005944747261103153,N/A,1670.3557755441145
19.0,4.3364242413602635e-11,Chamber,9.713821172375656,774383.1385441888,N/A,269.5887058015924,N/A,0.48569105861878287,N/A
19.0,4.3364242413602635e-11,INTER3,9.713821172449421,774383.1385525451,34.983283085246434,269.588705802442,0.010761876412457134,N/A,5944.033346197885
19.0,4.3364242413602635e-11,Pipe,N/A,N/A,N/A,N/A,N/A,N/A,N/A
19.0,4.3364242413602635e-11,INTER4,9.40417279293946,749782.3941886548,36.13516716670914,269.5887057911643,0.010761876413161042,N/A,6139.7507518094
19.0,4.3364242413602635e-11,critical_orifice,N/A,N/A,N/A,N/A,N/A,N/A,N/A
19.0,4.3364242413602635e-11,INTER5,8.640390848386977,689476.0,39.32939630287388,269.740803486589,0.010761876411591856,N/A,6682.484388948292
19.0,4.3364242413602635e-11,Pressure Outlet,7.936636396007915,689476.0,N/A,N/A,N/A,N/A,N/A
19.5,4.605174168692391e-11,Pressurant Tank,10.647336562064355,779807.2357833554,100,248.30364274064306,N/A,0.5323668281032178,N/A
19.5,4.605174168692391e-11,INTER1,10.6473365620666,779807.2357833554,16.981468675205875,248.3036427405924,0.005726029255640614,N/A,1535.1877041351324
19.5,4.605174168692391e-11,Pipe,N/A,N/A,N/A,N/A,N/A,N/A,N/A
19.5,4.605174168692391e-11,INTER2,10.498177778678219,768947.796239031,17.222742471753147,248.30364271705574,0.005726029255695981,N/A,1556.999749555317
19.5,4.605174168692391e-11,Chamber,9.665649880862116,768947.796231422,N/A,269.0385182533219,N/A,0.48328249404310586,N/A
19.5,4.605174168692391e-11,INTER3,9.665649880929431,768947.796239031,33.880834214238455,269.0385182540993,0.010371044233452333,N/A,5547.652557692314
19.5,4.605174168692391e-11,Pipe,N/A,N/A,N/A,N/A,N/A,N/A,N/A
19.5,4.605174168692391e-11,INTER4,9.375713282847245,745961.6249588206,34.928572507413136,269.0385182428802,0.010371044234085804,N/A,5719.209373472125
19.5,4.605174168692391e-11,critical_orifice,N/A,N/A,N/A,N/A,N/A,N/A,N/A
19.5,4.605174168692391e-11,INTER5,8.658578996423076,689476.0,37.821481018067324,269.1873267672321,0.010371044232439177,N/A,6192.894618778828
19.5,4.605174168692391e-11,Pressure Outlet,7.936636396007915,689476.0,N/A,N/A,N/A,N/A,N/A
20.0,4.843276226021298e-11,Pressurant Tank,10.590076269507948,773855.3004322967,100,247.7483778223555,N/A,0.5295038134753974,N/A
20.0,4.843276226021298e-11,INTER1,10.590076269509645,773855.3004322967,16.435553911165734,247.74837782231708,0.005512146671617113,N/A,1430.3350556257967
20.0,4.843276226021298e-11,Pipe,N/A,N/A,N/A,N/A,N/A,N/A,N/A
20.0,4.843276226021298e-11,INTER2,10.450507398496416,763717.465144972,16.655054421426442,247.74837779885283,0.005512146671699289,N/A,1449.4375012510393
20.0,4.843276226021298e-11,Chamber,9.619199731084553,763717.4651380768,N/A,268.50643680456375,N/A,0.48095998655422767,N/A
20.0,4.843276226021298e-11,INTER3,9.619199731145683,763717.465144972,32.797520886252066,268.5064368052715,0.009991191697055488,N/A,5173.577764375949
20.0,4.843276226021298e-11,Pipe,N/A,N/A,N/A,N/A,N/A,N/A,N/A
20.0,4.843276226021298e-11,INTER4,9.347941356415198,742255.9947466009,33.74923869122192,268.5064367941124,0.009991191697623018,N/A,5323.704540748693
20.0,4.843276226021298e-11,critical_orifice,N/A,N/A,N/A,N/A,N/A,N/A,N/A
20.0,4.843276226021298e-11,INTER5,8.676275741467219,689476.0,36.361903823295414,268.6510835023857,0.009991191695926206,N/A,5735.8340504379685
20.0,4.843276226021298e-11,Pressure Outlet,7.936636396007915,689476.0,N/A,N/A,N/A,N/A,N/A
20.5,5.075093045779978e-11,Pressurant Tank,10.534954802791777,768138.6542470789,100,247.21217836269912,N/A,0.5267477401395889,N/A
20.5,5.075093045779978e-11,INTER1,10.53495480279305,768138.6542470789,15.897028470952725,247.21217836267022,0.005303785610636729,N/A,1331.1732600638904
20.5,5.075093045779978e-11,Pipe,N/A,N/A,N/A,N/A,N/A,N/A,N/A
20.5,5.075093045779978e-11,INTER2,10.40450182109788,758684.0948786561,16.09634745834257,247.21217833927915,0.00530378561073643,N/A,1347.8636816180806
20.5,5.075093045779978e-11,Chamber,9.57440928083099,758684.094872433,N/A,267.9919132715547,N/A,0.47872046404154955,N/A
20.5,5.075093045779978e-11,INTER3,9.574409280886279,758684.0948786561,31.73335977086157,267.99191327219626,0.009622000517518377,N/A,4820.744381853901
20.5,5.075093045779978e-11,Pipe,N/A,N/A,N/A,N/A,N/A,N/A,N/A
20.5,5.075093045779978e-11,INTER4,9.32083876733862,738661.7202594277,32.59665593448664,267.9919132610967,0.009622000518022592,N/A,4951.891230752249
20.5,5.075093045779978e-11,critical_orifice,N/A,N/A,N/A,N/A,N/A,N/A,N/A
20.5,5.075093045779978e-11,INTER5,8.69348894286975,689476.0,34.94893434173812,268.1316365523833,0.009622000516287742,N/A,5309.2354567785
20.5,5.075093045779978e-11,Pressure Outlet,7.936636396007915,689476.0,N/A,N/A,N/A,N/A,N/A
21.0,5.312975787665324e-11,Pressurant Tank,10.48191694668541,762650.1430474268,100,246.6946836113451,N/A,0.5240958473342705,N/A
21.0,5.312975787665324e-11,INTER1,10.48191694668635,762650.1430474268,15.367141381917223,246.6946836113237,0.005101185694735341,N/A,1237.647282033951
21.0,5.312975787665324e-11,Pipe,N/A,N/A,N/A,N/A,N/A,N/A,N/A
21.0,5.312975787665324e-11,INTER2,10.36010467428046,753840.85080203,15.547825503796865,246.6946835880063,0.005101185694847438,N/A,1252.1993192161572
21.0,5.312975787665324e-11,Chamber,9.53122713176317,753840.8507964356,N/A,267.49450370536965,N/A,0.47656135658815857,N/A
21.0,5.312975787665324e-11,INTER3,9.531227131812974,753840.85080203,30.688544157261695,267.49450370594894,0.009263229783341952,N/A,4488.191676211713
21.0,5.312975787665324e-11,Pipe,N/A,N/A,N/A,N/A,N/A,N/A,N/A
21.0,5.312975787665324e-11,INTER4,9.294392987255133,735175.8135418787,31.470531224858057,267.4945036949073,0.009263229783784726,N/A,4602.557083591656
21.0,5.312975787665324e-11,critical_orifice,N/A,N/A,N/A,N/A,N/A,N/A,N/A
21.0,5.312975787665324e-11,INTER5,8.710223668708151,689476.0,33.58116803780044,267.6286437146544,0.009263229782017603,N/A,4911.237172764705
21.0,5.312975787665324e-11,Pressure Outlet,7.936636396007915,689476.0,N/A,N/A,N/A,N/A,N/A
21.5,5.5620179470294e-11,Pressurant Tank,10.430905089738056,757382.4625950007,100,246.1954984706716,N/A,0.5215452544869028,N/A
21.5,5.5620179470294e-11,INTER1,10.430905089738735,757382.4625950007,14.846553885529378,246.19549847065613,0.0049043898464587255,N/A,1149.590896282505
21.5,5.5620179470294e-11,Pipe,N/A,N/A,N/A,N/A,N/A,N/A,N/A
21.5,5.5620179470294e-11,INTER2,10.317268049859926,749181.5136021451,15.010077643139276,246.1954984474126,0.004904389846579983,N/A,1162.2527856980748
21.5,5.5620179470294e-11,Chamber,9.489606690878226,749181.5135971355,N/A,267.0138097329025,N/A,0.4744803345439113,N/A
21.5,5.5620179470294e-11,INTER3,9.489606690922907,749181.5136021451,29.66333321124596,267.0138097334235,0.008914674595137655,N/A,4175.015746069391
21.5,5.5620179470294e-11,Pipe,N/A,N/A,N/A,N/A,N/A,N/A,N/A
21.5,5.5620179470294e-11,INTER4,9.268594223292224,731795.6726036982,30.370664476950857,267.01380972243805,0.008914674595520781,N/A,4274.57027544153
21.5,5.5620179470294e-11,critical_orifice,N/A,N/A,N/A,N/A,N/A,N/A,N/A
21.5,5.5620179470294e-11,INTER5,8.726484061790126,689476.0,32.2573631348797,267.1417998651434,0.00891467459372485,N/A,4540.116851817571
21.5,5.5620179470294e-11,Pressure Outlet,7.936636396007915,689476.0,N/A,N/A,N/A,N/A,N/A
22.0,5.823374947227164e-11,Pressurant Tank,10.381861191273469,752328.3597897538,100,245.71421278413155,N/A,0.5190930595636735,N/A
22.0,5.823374947227164e-11,INTER1,10.381861191273945,752328.3597897538,14.335666249779848,245.7142127841207,0.004713358042257074,N/A,1066.7950341662415
22.0,5.823374947227164e-11,Pipe,N/A,N/A,N/A,N/A,N/A,N/A,N/A
22.0,5.823374947227164e-11,INTER2,10.275948074196453,744700.2113452038,14.483422455920248,245.71421276095134,0.004713358042385088,N/A,1077.7903785507335
22.0,5.823374947227164e-11,Chamber,9.44950384339265,744700.2113407351,N/A,266.5494526009256,N/A,0.4724751921696325,N/A
22.0,5.823374947227164e-11,INTER3,9.449503843432579,744700.2113452038,28.65800124390755,266.5494526013922,0.008576147368802734,N/A,3880.3491497830064
22.0,5.823374947227164e-11,Pipe,N/A,N/A,N/A,N/A,N/A,N/A,N/A
22.0,5.823374947227164e-11,INTER4,9.24343405117497,728518.8963217702,29.29689241145759,266.54945259046116,0.008576147369128187,N/A,3966.8562575893407
22.0,5.823374947227164e-11,critical_orifice,N/A,N/A,N/A,N/A,N/A,N/A,N/A
22.0,5.823374947227164e-11,INTER5,8.742274161841781,689476.0,30.976367000036717,266.6708115989845,0.008576147367306343,N/A,4194.2603850134
22.0,5.823374947227164e-11,Pressure Outlet,7.936636396007915,689476.0,N/A,N/A,N/A,N/A,N/A
22.5,1.0190905313333065e-10,Pressurant Tank,10.334727610850898,747480.7143972608,100,245.2504097681897,N/A,0.5167363805425449,N/A
22.5,1.0190905313333065e-10,INTER1,10.33472761085077,747480.7143972608,13.834761842309147,245.25040976819264,0.004528017054286413,N/A,989.036714840566
22.5,1.0190905313333065e-10,Pipe,N/A,N/A,N/A,N/A,N/A,N/A,N/A
22.5,1.0190905313333065e-10,INTER2,10.236103005845349,740391.3023990899,13.968059438366483,245.2504097448258,0.004528017054338118,N/A,998.5660597010799
22.5,1.0190905313333065e-10,Chamber,9.410875950128473,740391.3023989797,N/A,266.10106215817416,N/A,0.47054379750642367,N/A
22.5,1.0190905313333065e-10,INTER3,9.410875950129459,740391.3023990899,27.62973912321613,266.10106215818575,0.008234631421533321,N/A,3592.1430385522426
22.5,1.0190905313333065e-10,Pipe,N/A,N/A,N/A,N/A,N/A,N/A,N/A
22.5,1.0190905313333065e-10,INTER4,9.219490641191788,725389.1283859609,28.20329859161477,266.101062147622,0.008234631421314937,N/A,3666.7115185414714
22.5,1.0190905313333065e-10,critical_orifice,N/A,N/A,N/A,N/A,N/A,N/A,N/A
22.5,1.0190905313333065e-10,INTER5,8.75758978994397,689476.0,29.690822889657596,266.2156376157058,0.008234631420598269,N/A,3860.1045874603924
22.5,1.0190905313333065e-10,Pressure Outlet,7.936636396007915,689476.0,N/A,N/A,N/A,N/A,N/A
23.0,1.1760070650725245e-10,Pressurant Tank,10.289447440308033,742832.5688136847,100,244.80366967090956,N/A,0.5144723720154016,N/A
23.0,1.1760070650725245e-10,INTER1,10.289447440311273,742832.5688136847,13.329105627848278,244.8036696708351,0.0043434056766708026,N/A,914.0376321589899
23.0,1.1760070650725245e-10,Pipe,N/A,N/A,N/A,N/A,N/A,N/A,N/A
23.0,1.1760070650725245e-10,INTER2,10.197891526350196,736263.6091349007,13.448773349254234,244.8036696480422,0.004343405676482752,N/A,922.243794165765
23.0,1.1760070650725245e-10,Chamber,9.37380980645652,736263.6091290534,N/A,265.6697680360213,N/A,0.46869049032282606,N/A
23.0,1.1760070650725245e-10,INTER3,9.373809806508946,736263.6091349007,26.347887065926166,265.66976803663687,0.007821665926141669,N/A,3253.701656134109
23.0,1.1760070650725245e-10,Pipe,N/A,N/A,N/A,N/A,N/A,N/A,N/A
23.0,1.1760070650725245e-10,INTER4,9.199819300319577,722647.7713581413,26.84618840046251,265.6697680256237,0.007821665927003755,N/A,3315.236908771462
23.0,1.1760070650725245e-10,critical_orifice,N/A,N/A,N/A,N/A,N/A,N/A,N/A
23.0,1.1760070650725245e-10,INTER5,8.772342327887678,689476.0,28.154405385777913,265.7787375796797,0.007821665923696788,N/A,3476.7886765770363
23.0,1.1760070650725245e-10,Pressure Outlet,7.936636396007915,689476.0,N/A,N/A,N/A,N/A,N/A
23.5,2.1339798756225662e-10,Pressurant Tank,10.246013383541323,738382.1275480358,100,244.3740542977974,N/A,0.5123006691770662,N/A
23.5,2.1339798756225662e-10,INTER1,10.246013383541223,738382.1275480358,12.72969904182219,244.37405429779966,0.004130573808214224,N/A,830.1588370829337
23.5,2.1339798756225662e-10,Pipe,N/A,N/A,N/A,N/A,N/A,N/A,N/A
23.5,2.1339798756225662e-10,INTER2,10.162436311661475,732396.464433471,12.834389585092058,244.37405427500022,0.004130573808422841,N/A,836.9861611152672
23.5,2.1339798756225662e-10,Chamber,9.339027203959931,732396.4644279426,N/A,265.2641198568136,N/A,0.4669513601979966,N/A
23.5,2.1339798756225662e-10,INTER3,9.339027204009591,732396.464433471,25.117058764644334,265.2641198573974,0.007428613344036531,N/A,2945.8403611379895
23.5,2.1339798756225662e-10,Pipe,N/A,N/A,N/A,N/A,N/A,N/A,N/A
23.5,2.1339798756225662e-10,INTER4,9.18092124660517,720043.1766275631,25.549603223806017,265.2641198463192,0.007428613343784813,N/A,2996.5710989673867
23.5,2.1339798756225662e-10,critical_orifice,N/A,N/A,N/A,N/A,N/A,N/A,N/A
23.5,2.1339798756225662e-10,INTER5,8.78628619934972,689476.0,26.6971607309532,265.367167869825,0.0074286133378443885,N/A,3131.1617447095036
23.5,2.1339798756225662e-10,Pressure Outlet,7.936636396007915,689476.0,N/A,N/A,N/A,N/A,N/A
24.0,2.595575760550116e-10,Pressurant Tank,10.20470764545918,734157.2251771493,100,243.96449473693627,N/A,0.5102353822729591,N/A
24.0,2.595575760550116e-10,INTER1,10.204707645458313,734157.2251771493,12.118087309100243,243.9644947369563,0.0039162641430294624,N/A,749.2706584123365
24.0,2.595575760550116e-10,Pipe,N/A,N/A,N/A,N/A,N/A,N/A,N/A
24.0,2.595575760550116e-10,INTER2,10.128871095516871,728735.2930763485,12.208817454145724,243.96449471417458,0.003916264143353498,N/A,754.8805731240348
24.0,2.595575760550116e-10,Chamber,9.306046808603794,728735.2930715518,N/A,264.8786577148256,N/A,0.46530234043018975,N/A
24.0,2.595575760550116e-10,INTER3,9.306046808646945,728735.2930763485,23.923678391398987,264.87865771533393,0.0070506721384954625,N/A,2663.1225256038783
24.0,2.595575760550116e-10,Pipe,N/A,N/A,N/A,N/A,N/A,N/A,N/A
24.0,2.595575760550116e-10,INTER4,9.162583513282366,717542.8763640971,24.29826375929895,264.87865770429255,0.007050672137765948,N/A,2704.8204078442345
24.0,2.595575760550116e-10,critical_orifice,N/A,N/A,N/A,N/A,N/A,N/A,N/A
24.0,2.595575760550116e-10,INTER5,8.799597994931233,689476.0,25.300572916512593,264.9755012877379,0.007050672130938593,N/A,2816.3948900373125
24.0,2.595575760550116e-10,Pressure Outlet,7.936636396007915,689476.0,N/A,N/A,N/A,N/A,N/A
24.5,2.9190776396882274e-10,Pressurant Tank,10.165545004028886,730158.259995226,100,243.57528257203126,N/A,0.5082772502014443,N/A
24.5,2.9190776396882274e-10,INTER1,10.165545004027832,730158.259995226,11.5170049313568,243.5752825720557,0.003707725314513177,N/A,674.1860737074023
24.5,2.9190776396882274e-10,Pipe,N/A,N/A,N/A,N/A,N/A,N/A,N/A
24.5,2.9190776396882274e-10,INTER2,10.096932118099152,725260.8348974893,11.595267808328538,243.57528254930426,0.0037077253148474635,N/A,678.767450789544
24.5,2.9190776396882274e-10,Chamber,9.274702728652375,725260.8348933725,N/A,264.511565447174,N/A,0.46373513643261877,N/A
24.5,2.9190776396882274e-10,INTER3,9.27470272868947,725260.8348974893,22.764518011732896,264.5115654476117,0.006686452904575423,N/A,2403.183435964605
24.5,2.9190776396882274e-10,Pipe,N/A,N/A,N/A,N/A,N/A,N/A,N/A
24.5,2.9190776396882274e-10,INTER4,9.144752837703905,715137.1639035734,23.088009160608156,264.5115654366225,0.006686452903552049,N/A,2437.3334479158993
24.5,2.9190776396882274e-10,critical_orifice,N/A,N/A,N/A,N/A,N/A,N/A,N/A
24.5,2.9190776396882274e-10,INTER5,8.81233157895602,689476.0,23.958941531814087,264.60198155162095,0.0066864528962922295,N/A,2529.2752225852923
24.5,2.9190776396882274e-10,Pressure Outlet,7.936636396007915,689476.0,N/A,N/A,N/A,N/A,N/A
25.0,3.2206598265937697e-10,Pressurant Tank,10.128467750883754,726378.2901004154,100,243.2059817373811,N/A,0.5064233875441877,N/A
25.0,3.2206598265937697e-10,INTER1,10.128467750882697,726378.2901004154,10.932392597048914,243.2059817374057,0.0035066813289530976,N/A,605.2630929251395
25.0,3.2206598265937697e-10,Pipe,N/A,N/A,N/A,N/A,N/A,N/A,N/A
25.0,3.2206598265937697e-10,INTER2,10.066520391207533,721963.529881968,10.999668362659191,243.20598171469032,0.003506681329270755,N/A,608.9877614470394
25.0,3.2206598265937697e-10,Chamber,9.244915452755095,721963.5298784628,N/A,264.162020763449,N/A,0.4622457726377548,N/A
25.0,3.2206598265937697e-10,INTER3,9.244915452786723,721963.529881968,21.63920465717603,264.1620207638228,0.0063355098444370815,N/A,2164.4897663718657
25.0,3.2206598265937697e-10,Pipe,N/A,N/A,N/A,N/A,N/A,N/A,N/A
25.0,3.2206598265937697e-10,INTER4,9.127420660214087,712822.6339179196,21.9177602226042,264.1620207528874,0.006335509843179022,N/A,2192.3526509310177
25.0,3.2206598265937697e-10,critical_orifice,N/A,N/A,N/A,N/A,N/A,N/A,N/A
25.0,3.2206598265937697e-10,INTER5,8.824507592870361,689476.0,22.670116733085564,264.24585020749976,0.0063355098356086504,N/A,2267.6080928219185
25.0,3.2206598265937697e-10,Pressure Outlet,7.936636396007915,689476.0,N/A,N/A,N/A,N/A,N/A
25.5,3.531948233314079e-10,Pressurant Tank,10.093400937594224,722808.7093611645,100,242.85597289149268,N/A,0.5046700468797112,N/A
25.5,3.531948233314079e-10,INTER1,10.093400937593238,722808.7093611645,10.365776155423623,242.85597289151562,0.003313421478344784,N/A,542.2645099183335
25.5,3.531948233314079e-10,Pipe,N/A,N/A,N/A,N/A,N/A,N/A,N/A
25.5,3.531948233314079e-10,INTER2,10.037577949988526,718836.2981199698,10.423424385502718,242.8559728688395,0.0033134214786380524,N/A,545.2802599464123
25.5,3.531948233314079e-10,Chamber,9.216627167603432,718836.2981170109,N/A,263.8294449839286,N/A,0.46083135838017164,N/A
25.5,3.531948233314079e-10,INTER3,9.216627167630167,718836.2981199698,20.54803635599156,263.8294449842452,0.005997630095761351,N/A,1945.7304475078467
25.5,3.531948233314079e-10,Pipe,N/A,N/A,N/A,N/A,N/A,N/A,N/A
25.5,3.531948233314079e-10,INTER4,9.110589558467845,710597.4547136731,20.78719372204043,263.8294449733617,0.005997630094297782,N/A,1968.3766873205134
25.5,3.531948233314079e-10,critical_orifice,N/A,N/A,N/A,N/A,N/A,N/A,N/A
25.5,3.531948233314079e-10,INTER5,8.836138950218402,689476.0,21.432844242631255,263.90658849240407,0.0059976300864567475,N/A,2029.5144914284936
25.5,3.531948233314079e-10,Pressure Outlet,7.936636396007915,689476.0,N/A,N/A,N/A,N/A,N/A
26.0,3.858141500845275e-10,Pressurant Tank,10.060266722810775,719440.7126460195,100,242.52459579004494,N/A,0.5030133361405388,N/A
26.0,3.858141500845275e-10,INTER1,10.060266722809903,719440.7126460195,9.817657171804901,242.5245957900652,0.003127913177585608,N/A,484.8364077104549
26.0,3.858141500845275e-10,Pipe,N/A,N/A,N/A,N/A,N/A,N/A,N/A
26.0,3.858141500845275e-10,INTER2,10.010055887747445,715872.6793744583,9.866902928158417,242.52459576743067,0.0031279131778509904,N/A,487.26836633291214
26.0,3.858141500845275e-10,Chamber,9.189785081432198,715872.679371984,N/A,263.51330937942805,N/A,0.45948925407160995,N/A
26.0,3.858141500845275e-10,INTER3,9.189785081454586,715872.6793744583,19.491398390234817,263.5133093796935,0.005672646034194803,N/A,1745.6668131476574
26.0,3.858141500845275e-10,Pipe,N/A,N/A,N/A,N/A,N/A,N/A,N/A
26.0,3.858141500845275e-10,INTER4,9.094264216601848,708460.122011848,19.696124702906015,263.51330936886006,0.0056726460325511084,N/A,1764.002281577903
26.0,3.858141500845275e-10,critical_orifice,N/A,N/A,N/A,N/A,N/A,N/A,N/A
26.0,3.858141500845275e-10,INTER5,8.847237440506264,689476.0,20.24606698312423,263.583721597968,0.00567264602446686,N/A,1813.255594134396
26.0,3.858141500845275e-10,Pressure Outlet,7.936636396007915,689476.0,N/A,N/A,N/A,N/A,N/A
26.5,4.197307215857656e-10,Pressurant Tank,10.028987591034918,716265.6186055122,100,242.21118191718304,N/A,0.501449379551746,N/A
26.5,4.197307215857656e-10,INTER1,10.028987591034191,716265.6186055122,9.28830643047761,242.21118191719998,0.002950060758640664,N/A,432.61359968218477
26.5,4.197307215857656e-10,Pipe,N/A,N/A,N/A,N/A,N/A,N/A,N/A
26.5,4.197307215857656e-10,INTER2,9.983907287044937,713066.4213512792,9.330245890934442,242.2111818946089,0.002950060758876233,N/A,434.5669785263345
26.5,4.197307215857656e-10,Chamber,9.16433775286876,713066.4213492315,N/A,263.2130927930469,N/A,0.45821688764343804,N/A
26.5,4.197307215857656e-10,INTER3,9.16433775288731,713066.4213512792,18.469627595525044,263.21309279326715,0.0053603920887852945,N/A,1563.1021799354673
26.5,4.197307215857656e-10,Pipe,N/A,N/A,N/A,N/A,N/A,N/A,N/A
26.5,4.197307215857656e-10,INTER4,9.07844926494648,706409.1723017552,18.644363201132176,263.2130927824815,0.005360392086988831,N/A,1577.8902201846458
26.5,4.197307215857656e-10,critical_orifice,N/A,N/A,N/A,N/A,N/A,N/A,N/A
26.5,4.197307215857656e-10,INTER5,8.857815161527167,689476.0,19.108764638927227,263.2767761227082,0.005360392078692453,N/A,1617.1929537972323
26.5,4.197307215857656e-10,Pressure Outlet,7.936636396007915,689476.0,N/A,N/A,N/A,N/A,N/A
27.0,4.5440532673678196e-10,Pressurant Tank,9.999486983448511,713274.9276290691,100,241.91506149162456,N/A,0.4999743491724256,N/A
27.0,4.5440532673678196e-10,INTER1,9.999486983447952,713274.9276290691,8.7779110281263,241.91506149163772,0.0027797531172502297,N/A,385.2388456841272
27.0,4.5440532673678196e-10,Pipe,N/A,N/A,N/A,N/A,N/A,N/A,N/A
27.0,4.5440532673678196e-10,INTER2,9.95908593654974,710411.4037284878,8.813520400697037,241.9150614690914,0.0027797531174549054,N/A,386.8016450552681
27.0,4.5440532673678196e-10,Chamber,9.14023443956967,710411.4037268126,N/A,262.92827448984497,N/A,0.45701172197848355,N/A
27.0,4.5440532673678196e-10,INTER3,9.140234439584862,710411.4037284878,17.48298422028364,262.92827449002556,0.005060695802286982,N/A,1396.8779780022141
27.0,4.5440532673678196e-10,Pipe,N/A,N/A,N/A,N/A,N/A,N/A,N/A
27.0,4.5440532673678196e-10,INTER4,9.063148770200446,704443.123036742,17.631683917821725,262.92827447928545,0.005060695800368263,N/A,1408.7589773139653
27.0,4.5440532673678196e-10,critical_orifice,N/A,N/A,N/A,N/A,N/A,N/A,N/A
27.0,4.5440532673678196e-10,INTER5,8.867884739340425,689476.0,18.019920065047092,262.98527324977505,0.005060695791899802,N/A,1439.7787663364288
27.0,4.5440532673678196e-10,Pressure Outlet,7.936636396007915,689476.0,N/A,N/A,N/A,N/A,N/A
27.5,2.8707931461622128e-09,Pressurant Tank,9.97168945227601,710460.3313463277,100,241.6355657292223,N/A,0.4985844726138005,N/A
27.5,2.8707931461622128e-09,INTER1,9.971689452276536,710460.3313463277,8.286593232857802,241.63556572920993,0.0026168696947218833,N/A,342.3661279628443
27.5,2.8707931461622128e-09,Pipe,N/A,N/A,N/A,N/A,N/A,N/A,N/A
27.5,2.8707931461622128e-09,INTER2,9.935546129004942,707901.6250940276,8.31673803079082,241.63556570664414,0.0026168696951138735,N/A,343.6115804525532
27.5,2.8707931461622128e-09,Chamber,9.11742501272135,707901.6250943944,N/A,262.65833361709275,N/A,0.45587125063606754,N/A
27.5,2.8707931461622128e-09,INTER3,9.11742501271858,707901.6250939333,16.415334190273583,262.65833361700317,0.004739791750558098,N/A,1228.405244245344
27.5,2.8707931461622128e-09,Pipe,N/A,N/A,N/A,N/A,N/A,N/A,N/A
27.5,2.8707931461622128e-09,INTER4,9.049305761297015,702633.1377714038,16.53890172328312,262.6583336070369,0.004739791754089095,N/A,1237.6521483255824
27.5,2.8707931461622128e-09,critical_orifice,N/A,N/A,N/A,N/A,N/A,N/A,N/A
27.5,2.8707931461622128e-09,INTER5,8.877447600512413,689476.0000000001,16.85907776505174,262.70906672585687,0.004739791779493498,N/A,1261.6118213681755
27.5,2.8707931461622128e-09,Pressure Outlet,7.936636396007915,689476.0,N/A,N/A,N/A,N/A,N/A
28.0,1.5676700416605084e-09,Pressurant Tank,9.945520755328792,707813.7162616203,100,241.37202849531545,N/A,0.4972760377664396,N/A
28.0,1.5676700416605084e-09,INTER1,9.945520755327045,707813.7162616203,7.747813612485741,241.3720284953564,0.0024403045206654716,N/A,298.5079220460364
28.0,1.5676700416605084e-09,Pipe,N/A,N/A,N/A,N/A,N/A,N/A,N/A
28.0,1.5676700416605084e-09,INTER2,9.91376438491832,705568.0964963407,7.7726318781169565,241.37202847292852,0.0024403045206329893,N/A,299.4641206901982
28.0,1.5676700416605084e-09,Chamber,9.096195792166908,705568.0964943063,N/A,262.4067327338355,N/A,0.45480978960834545,N/A
28.0,1.5676700416605084e-09,INTER3,9.096195792185398,705568.0964963407,15.297919241672355,262.4067327340558,0.004406862454710883,N/A,1064.3746733148705
28.0,1.5676700416605084e-09,Pipe,N/A,N/A,N/A,N/A,N/A,N/A,N/A
28.0,1.5676700416605084e-09,INTER4,9.036849786808274,700982.6799265688,15.398382359964625,262.40673272319344,0.004406862445575786,N/A,1071.3645366452197
28.0,1.5676700416605084e-09,critical_orifice,N/A,N/A,N/A,N/A,N/A,N/A,N/A
28.0,1.5676700416605084e-09,INTER5,8.886379556379662,689476.0,15.659118169598743,262.4516331458736,0.004406862421077016,N/A,1089.5055984840671
28.0,1.5676700416605084e-09,Pressure Outlet,7.936636396007915,689476.0,N/A,N/A,N/A,N/A,N/A
28.5,2.1185294379311854e-09,Pressurant Tank,9.921117710122136,705348.3479847475,100,241.12590512179477,N/A,0.49605588550610685,N/A
28.5,2.1185294379311854e-09,INTER1,9.921117710119827,705348.3479847475,7.182121436520226,241.12590512184903,0.0022565797071433156,N/A,255.8798542584303
28.5,2.1185294379311854e-09,Pipe,N/A,N/A,N/A,N/A,N/A,N/A,N/A
28.5,2.1185294379311854e-09,INTER2,9.893656499354668,703408.4908282807,7.202056404777251,241.12590509943058,0.0022565797064387164,N/A,256.5900839923495
28.5,2.1185294379311854e-09,Chamber,9.07653021282613,703408.4908266785,N/A,262.1733517785979,N/A,0.4538265106413065,N/A
28.5,2.1185294379311854e-09,INTER3,9.076530212840709,703408.4908282807,14.237630708088771,262.17335177877175,0.004092558666434222,N/A,919.9523014368935
28.5,2.1185294379311854e-09,Pipe,N/A,N/A,N/A,N/A,N/A,N/A,N/A
28.5,2.1185294379311854e-09,INTER4,9.024942613423551,699426.1847974095,14.319014585205553,262.1733517679034,0.0040925586547488685,N/A,925.2108482398386
28.5,2.1185294379311854e-09,critical_orifice,N/A,N/A,N/A,N/A,N/A,N/A,N/A
28.5,2.1185294379311854e-09,INTER5,8.894690118781822,689476.0,14.528699956770328,262.2125850948303,0.004092558624092305,N/A,938.7594816770257
28.5,2.1185294379311854e-09,Pressure Outlet,7.936636396007915,689476.0,N/A,N/A,N/A,N/A,N/A
29.0,2.2423454557966824e-09,Pressurant Tank,9.898551913050703,703070.8918237889,100,240.89799502800108,N/A,0.4949275956525352,N/A
29.0,2.2423454557966824e-09,INTER1,9.898551913049198,703070.8918237889,6.658086586046985,240.89799502803652,0.0020871729409432443,N/A,219.40198215516062
29.0,2.2423454557966824e-09,Pipe,N/A,N/A,N/A,N/A,N/A,N/A,N/A
29.0,2.2423454557966824e-09,INTER2,9.874791114025074,701394.0611421154,6.67410732390663,240.89799500565772,0.002087172940392208,N/A,219.9299087914357
29.0,2.2423454557966824e-09,Chamber,9.058170423226175,701394.0611409196,N/A,261.95519567533074,N/A,0.45290852116130875,N/A
29.0,2.2423454557966824e-09,INTER3,9.058170423237064,701394.0611421154,13.224517480949363,261.95519567546074,0.0037936534391354894,N/A,792.0820322110569
29.0,2.2423454557966824e-09,Pipe,N/A,N/A,N/A,N/A,N/A,N/A,N/A
29.0,2.2423454557966824e-09,INTER4,9.013483157764407,697947.3821994583,13.29008227541793,261.9551956646671,0.003793653427964672,N/A,796.0090310389222
29.0,2.2423454557966824e-09,critical_orifice,N/A,N/A,N/A,N/A,N/A,N/A,N/A
29.0,2.2423454557966824e-09,INTER5,8.902480810755591,689476.0,13.455792194048799,261.9889062650662,0.0037936533977602042,N/A,805.9342146269977
29.0,2.2423454557966824e-09,Pressure Outlet,7.936636396007915,689476.0,N/A,N/A,N/A,N/A,N/A
29.5,2.493498616369365e-09,Pressurant Tank,9.87768018364127,700966.3797908586,100,240.68692276145396,N/A,0.49388400918206354,N/A
29.5,2.493498616369365e-09,INTER1,9.877680183640237,700966.3797908586,6.156159917608418,240.68692276147831,0.0019257601052600592,N/A,187.17366780607904
29.5,2.493498616369365e-09,Pipe,N/A,N/A,N/A,N/A,N/A,N/A,N/A
29.5,2.493498616369365e-09,INTER2,9.857212644470792,699523.2586532175,6.168942580103674,240.6869227391341,0.0019257601045674921,N/A,187.56231550859653
29.5,2.493498616369365e-09,Chamber,9.041105618238742,699523.2586523574,N/A,261.75219104695793,N/A,0.4520552809119371,N/A
29.5,2.493498616369365e-09,INTER3,9.04110561824658,699523.2586532175,12.261526901511825,261.75219104705167,0.0035107784990711993,N/A,679.6427017542068
29.5,2.493498616369365e-09,Pipe,N/A,N/A,N/A,N/A,N/A,N/A,N/A
29.5,2.493498616369365e-09,INTER4,9.002514579005444,696549.1493922463,12.31408829507062,261.7521910363108,0.003510778487860088,N/A,682.5561187444038
29.5,2.493498616369365e-09,critical_orifice,N/A,N/A,N/A,N/A,N/A,N/A,N/A
29.5,2.493498616369365e-09,INTER5,8.90974988497066,689476.0,12.442297466251162,261.78056525752856,0.0035107784566712438,N/A,689.6626033436498
29.5,2.493498616369365e-09,Pressure Outlet,7.936636396007915,689476.0,N/A,N/A,N/A,N/A,N/A
30.0,2.0658869158450896e-10,Pressurant Tank,9.85842258258867,699026.3028157229,100,240.4919413688901,N/A,0.49292112912943353,N/A
30.0,2.0658869158450896e-10,INTER1,9.858422582588753,699026.3028157229,5.683916726751375,240.49194136888815,0.0017745672769142588,N/A,159.24758238759387
30.0,2.0658869158450896e-10,Pipe,N/A,N/A,N/A,N/A,N/A,N/A,N/A
30.0,2.0658869158450896e-10,INTER2,9.840830368066257,697786.9463480569,5.694077728076904,240.49194134653882,0.0017745672771685376,N/A,159.5322654861416
30.0,2.0658869158450896e-10,Chamber,9.025255434293703,697786.9463480621,N/A,261.56343149851364,N/A,0.4512627717146852,N/A
30.0,2.0658869158450896e-10,INTER3,9.02525543429394,697786.9463480768,10.620708289110368,261.5634314985122,0.0030356403351228523,N/A,509.0219000109687
30.0,2.0658869158450896e-10,Pipe,N/A,N/A,N/A,N/A,N/A,N/A,N/A
30.0,2.0658869158450896e-10,INTER4,8.99599766753976,695533.8049887572,10.655250114876132,261.5634314880416,0.0030356403344303858,N/A,510.67739643034963
30.0,2.0658869158450896e-10,critical_orifice,N/A,N/A,N/A,N/A,N/A,N/A,N/A
30.0,2.0658869158450896e-10,INTER5,8.916478867302805,689476.0,10.750275589096441,261.5880143848006,0.003035640332130605,N/A,515.2317106967512
30.0,2.0658869158450896e-10,Pressure Outlet,7.936636396007915,689476.0,N/A,N/A,N/A,N/A,N/A
30.5,1.0138288623964672e-09,Pressurant Tank,9.840676909819527,697239.9728452441,100,240.31206992948947,N/A,0.4920338454909764,N/A
30.5,1.0138288623964672e-09,INTER1,9.840676909819786,697239.9728452441,4.604156415464203,240.31206992948324,0.0014348694019916,N/A,104.30259564038133
30.5,1.0138288623964672e-09,Pipe,N/A,N/A,N/A,N/A,N/A,N/A,N/A
30.5,1.0138288623964672e-09,INTER2,9.828835797276053,696406.4188803427,4.609703177239642,240.3120699071654,0.0014348693980776944,N/A,104.42825174040887
30.5,1.0138288623964672e-09,Chamber,9.01264470371416,696406.4188803979,N/A,261.41311000700847,N/A,0.45063223518570805,N/A
30.5,1.0138288623964672e-09,INTER3,9.012644703713658,696406.4188803427,9.180553868957759,261.41311000700244,0.00262034494381309,N/A,379.8044260925291
30.5,1.0138288623964672e-09,Pipe,N/A,N/A,N/A,N/A,N/A,N/A,N/A
30.5,1.0138288623964672e-09,INTER4,8.99051894195217,694703.5232630393,9.203147326055904,261.41310999656173,0.002620344948761784,N/A,380.7391302215369
30.5,1.0138288623964672e-09,critical_orifice,N/A,N/A,N/A,N/A,N/A,N/A,N/A
30.5,1.0138288623964672e-09,INTER5,8.92185084252005,689476.0,9.27398047648738,261.4345082414132,0.002620344954056287,N/A,383.66953633860794
30.5,1.0138288623964672e-09,Pressure Outlet,7.936636396007915,689476.0,N/A,N/A,N/A,N/A,N/A
31.0,1.6072444551347918e-09,Pressurant Tank,9.826328215799611,695796.5972791513,100,240.16649146624752,N/A,0.4913164107899806,N/A
31.0,1.6072444551347918e-09,INTER1,9.826328215799721,695796.5972791513,4.153910995797309,240.16649146624493,0.0012926643895866537,N/A,84.77653152218704
31.0,1.6072444551347918e-09,Pipe,N/A,N/A,N/A,N/A,N/A,N/A,N/A
31.0,1.6072444551347918e-09,INTER2,9.816559990765649,695109.3916914657,4.158044452557754,240.16649144396027,0.0012926643892344821,N/A,84.86089058324207
31.0,1.6072444551347918e-09,Chamber,9.000789948256806,695109.3916914794,N/A,261.2716857509561,N/A,0.45003949741284033,N/A
31.0,1.6072444551347918e-09,INTER3,9.00078994825668,695109.3916914657,7.744563878285936,261.2716857509546,0.002207572243293552,N/A,269.92590335661106
31.0,1.6072444551347918e-09,Pipe,N/A,N/A,N/A,N/A,N/A,N/A,N/A
31.0,1.6072444551347918e-09,INTER4,8.98479240182515,693878.8369879994,7.758353146037264,261.2716857404879,0.0022075722334090834,N/A,270.40650771808913
31.0,1.6072444551347918e-09,critical_orifice,N/A,N/A,N/A,N/A,N/A,N/A,N/A
31.0,1.6072444551347918e-09,INTER5,8.92691955785789,689476.0,7.808650190570388,261.28984154592456,0.002207572224208596,N/A,272.1595394639515
31.0,1.6072444551347918e-09,Pressure Outlet,7.936636396007915,689476.0,N/A,N/A,N/A,N/A,N/A
31.5,4.324021707152212e-09,Pressurant Tank,9.813401571903745,694497.0391377129,100,240.0352338821898,N/A,0.4906700785951873,N/A
31.5,4.324021707152212e-09,INTER1,9.813401571904208,694497.0391377129,3.051482307409452,240.0352338821788,0.0009483480577083588,N/A,45.6889615999744
31.5,4.324021707152212e-09,Pipe,N/A,N/A,N/A,N/A,N/A,N/A,N/A
31.5,4.324021707152212e-09,INTER2,9.807881077731556,694108.8846541456,3.0531998510233063,240.03523385990695,0.0009483480505262393,N/A,45.71467753729875
31.5,4.324021707152212e-09,Chamber,8.991640869716214,694108.8846542379,N/A,261.1624640096678,N/A,0.44958204348581077,N/A
31.5,4.324021707152212e-09,INTER3,8.991640869715372,694108.8846541456,6.57208000664112,261.1624640096577,0.0018714538693058746,N/A,194.18453549922418
31.5,4.324021707152212e-09,Pipe,N/A,N/A,N/A,N/A,N/A,N/A,N/A
31.5,4.324021707152212e-09,INTER4,8.979919912474367,693207.6797659174,6.580658207195142,261.1624639992329,0.001871453884672601,N/A,194.43799625761315
31.5,4.324021707152212e-09,critical_orifice,N/A,N/A,N/A,N/A,N/A,N/A,N/A
31.5,4.324021707152212e-09,INTER5,8.930844646670923,689476.0,6.6168192062044024,261.1779308796345,0.0018714539072762011,N/A,195.50644374536677
31.5,4.324021707152212e-09,Pressure Outlet,7.936636396007915,689476.0,N/A,N/A,N/A,N/A,N/A
32.0,2.7350081017822643e-10,Pressurant Tank,9.803918091326661,693544.0983119458,100,239.93887395438978,N/A,0.4901959045663331,N/A
32.0,2.7350081017822643e-10,INTER1,9.803918091326656,693544.0983119458,3.285264650942406,239.93887395438986,0.001020016898906157,N/A,52.906666659964685
32.0,2.7350081017822643e-10,Pipe,N/A,N/A,N/A,N/A,N/A,N/A,N/A
32.0,2.7350081017822643e-10,INTER2,9.797597168838225,693099.8470182978,3.2873841403047783,239.93887393215576,0.0010200168988986696,N/A,52.94079940962779
32.0,2.7350081017822643e-10,Chamber,8.982409811528418,693099.8470182875,N/A,261.05219654757167,N/A,0.44912049057642095,N/A
32.0,2.7350081017822643e-10,INTER3,8.982409811528512,693099.8470182978,5.322017920300419,261.0521965475728,0.0015139325615734064,N/A,127.2083252004997
32.0,2.7350081017822643e-10,Pipe,N/A,N/A,N/A,N/A,N/A,N/A,N/A
32.0,2.7350081017822643e-10,INTER4,8.974528558633812,692494.134068866,5.32669160908434,261.0521965371123,0.0015139325610770058,N/A,127.3200369439469
32.0,2.7350081017822643e-10,critical_orifice,N/A,N/A,N/A,N/A,N/A,N/A,N/A
32.0,2.7350081017822643e-10,INTER5,8.934817429998708,689476.0,5.3503662934360054,261.0647630290576,0.0015139325625561832,N/A,127.88591583708953
32.0,2.7350081017822643e-10,Pressure Outlet,7.936636396007915,689476.0,N/A,N/A,N/A,N/A,N/A
32.5,1.1816755289618442e-15,Pressurant Tank,9.7937179223376,692519.5797124371,100,239.83517060212517,N/A,0.48968589611688,N/A
32.5,1.1816755289618442e-15,INTER1,9.7937179223376,692519.5797124371,-1.9042268759626928,239.83517060212517,-0.0005906138319194251,N/A,17.75640231810955
32.5,1.1816755289618442e-15,Pipe,N/A,N/A,N/A,N/A,N/A,N/A,N/A
32.5,1.1816755289618442e-15,INTER2,9.794295179865424,692560.1326965757,-1.9041146443749506,239.83517057986896,-0.0005906138319194245,N/A,17.7553557888068
32.5,1.1816755289618442e-15,Chamber,8.977470654901671,692560.1326965757,N/A,260.99316953584446,N/A,0.44887353274508357,N/A
32.5,1.1816755289618442e-15,INTER3,8.977470654901671,692560.1326965757,4.621208779902214,260.99316953584446,0.0013138534201913188,N/A,95.85950413373575
32.5,1.1816755289618442e-15,Pipe,N/A,N/A,N/A,N/A,N/A,N/A,N/A
32.5,1.1816755289618442e-15,INTER4,8.971416651728388,692094.9611368142,4.6243272185729385,260.993169525386,0.0013138534201913188,N/A,95.92419110177477
32.5,1.1816755289618442e-15,critical_orifice,N/A,N/A,N/A,N/A,N/A,N/A,N/A
32.5,1.1816755289618442e-15,INTER5,8.936948597769417,689476.0,4.642162339626841,261.0040975590194,0.0013138534201913193,N/A,96.29415185053553
32.5,1.1816755289618442e-15,Pressure Outlet,7.936636396007915,689476.0,N/A,N/A,N/A,N/A,N/A
33.0,4.088774076704668e-11,Pressurant Tank,9.799624060656793,693112.7418257252,100,239.89522404081845,N/A,0.4899812030328397,N/A
33.0,4.088774076704668e-11,INTER1,9.799624060656793,693112.7418257252,8.480962827981568,239.89522404081845,0.0026320364962778542,N/A,352.42745935515535
33.0,4.088774076704668e-11,Pipe,N/A,N/A,N/A,N/A,N/A,N/A,N/A
33.0,4.088774076704668e-11,INTER2,9.762161845961145,690480.2354199368,8.513508452124178,239.89522401885924,0.0026320364962769145,N/A,353.77989679195133
33.0,4.088774076704668e-11,Chamber,8.958425982380565,690480.2354199368,N/A,260.7653859710582,N/A,0.4479212991190282,N/A
33.0,4.088774076704668e-11,INTER3,8.958425982380565,690480.2354199368,1.6507066874871013,260.7653859710582,0.0004683159533615392,N/A,12.205105437917469
33.0,4.088774076704668e-11,Pipe,N/A,N/A,N/A,N/A,N/A,N/A,N/A
33.0,4.088774076704668e-11,INTER4,8.957499381486071,690409.1020432977,1.6508774431768671,260.7653859606154,0.0004683159532884559,N/A,12.206367980844767
33.0,4.088774076704668e-11,critical_orifice,N/A,N/A,N/A,N/A,N/A,N/A,N/A
33.0,4.088774076704668e-11,INTER5,8.945206719696243,689476.0,1.653146108226003,260.7693031840691,0.0004683159532813886,N/A,12.223142187933835
33.0,4.088774076704668e-11,Pressure Outlet,7.936636396007915,689476.0,N/A,N/A,N/A,N/A,N/A
33.5,0.0005747594350289723,Pressurant Tank,9.773303695694015,690470.4971900461,100,239.6274263893576,N/A,0.4886651847847008,N/A
33.5,0.0005747594350289723,INTER1,9.784841259632922,691270.5581907138,0.20570068744948372,239.62413917701855,6.374217223948937e-05,N/A,0.20701188263555845
33.5,0.0005747594350289723,Pipe,N/A,N/A,N/A,N/A,N/A,N/A,N/A
33.5,0.0005747594350289723,INTER2,9.784817088300656,692055.3480983605,0.20569786907838591,239.88951864336886,6.374114142846083e-05,N/A,0.20700569863798035
33.5,0.0005747594350289723,Chamber,8.98006318780972,692843.3851580538,N/A,261.0241457652182,N/A,0.44900315939048596,N/A
33.5,0.0005747594350289723,INTER3,8.972605666970374,692326.1627633991,3.6833731449090172,261.04475046119046,0.0010466503689832427,N/A,60.86673704660584
33.5,0.0005747594350289723,Pipe,N/A,N/A,N/A,N/A,N/A,N/A,N/A
33.5,0.0005747594350289723,INTER4,8.968058452126456,691561.5290982617,3.6849235877538544,260.89153606449514,0.0010465602818728343,N/A,60.88711657539968
33.5,0.0005747594350289723,critical_orifice,N/A,N/A,N/A,N/A,N/A,N/A,N/A
33.5,0.0005747594350289723,INTER5,8.940687178906908,689475.9272256168,3.696023295894966,260.89772042810137,0.001046508913387246,N/A,61.06752290501315
33.5,0.0005747594350289723,Pressure Outlet,7.936636396007915,689476.0,N/A,N/A,N/A,N/A,N/A
34.0,4.1884761585337794e-15,Pressurant Tank,9.77266627397162,690406.545866886,100,239.6209358286502,N/A,0.48863331369858104,N/A
34.0,4.1884761585337794e-15,INTER1,9.77266627397162,690406.545866886,-64.00310179928621,239.6209358286502,-0.019808492351196146,N/A,20016.360598459538
34.0,4.1884761585337794e-15,Pipe,N/A,N/A,N/A,N/A,N/A,N/A,N/A
34.0,4.1884761585337794e-15,INTER2,9.792086491837262,691769.5750336561,-63.87616724023651,239.62093580631043,-0.019808492351196177,N/A,19976.663023890247
34.0,4.1884761585337794e-15,Chamber,8.970234095534172,691769.5750336561,N/A,260.9066421474715,N/A,0.4485117047767086,N/A
34.0,4.1884761585337794e-15,INTER3,8.970234095534172,691769.5750336561,3.547717148684258,260.9066421474715,0.0010078365309513586,N/A,56.451015095257475
34.0,4.1884761585337794e-15,Pipe,N/A,N/A,N/A,N/A,N/A,N/A,N/A
34.0,4.1884761585337794e-15,INTER4,8.96652435252647,691484.6266572999,3.5491849547558405,260.906642137017,0.0010078365309513584,N/A,56.474370717825785
34.0,4.1884761585337794e-15,critical_orifice,N/A,N/A,N/A,N/A,N/A,N/A,N/A
34.0,4.1884761585337794e-15,INTER5,8.940078829878793,689476.0,3.559683749328893,260.91504666044176,0.0010078365309513586,N/A,56.6414267671349
34.0,4.1884761585337794e-15,Pressure Outlet,7.936636396007915,689476.0,N/A,N/A,N/A,N/A,N/A
34.5,0.009480568373114605,Pressurant Tank,9.970751197483581,710364.040191583,100,241.62567766779895,N/A,0.49853755987417914,N/A
34.5,0.009480568373114605,INTER1,9.800344946203994,697802.9352138867,12.512878656534504,241.45824578278783,0.0038836128280800805,N/A,767.2304526198075
34.5,0.009480568373114605,Pipe,N/A,N/A,N/A,N/A,N/A,N/A,N/A
34.5,0.009480568373114605,INTER2,9.730300592653911,681019.8555073087,12.61586930644139,237.44474999980412,0.003887592809012282,N/A,774.3380915950252
34.5,0.009480568373114605,Chamber,8.762070806712696,669143.748836175,N/A,258.39946229322885,N/A,0.4381035403356348,N/A
34.5,0.009480568373114605,INTER3,8.933893442005367,680503.0540944465,0.19137608307004877,257.76693461252836,5.414592304289425e-05,N/A,0.16360105336700678
34.5,0.009480568373114605,Pipe,N/A,N/A,N/A,N/A,N/A,N/A,N/A
34.5,0.009480568373114605,INTER4,8.94763802512536,689592.9944215559,0.19135380933875223,260.7435371775656,5.4222913671923164e-05,N/A,0.16381461119222776
34.5,0.009480568373114605,critical_orifice,N/A,N/A,N/A,N/A,N/A,N/A,N/A
34.5,0.009480568373114605,INTER5,8.953795874156073,689484.9795764388,0.19133080764239502,260.5288872830563,5.425370803912407e-05,N/A,0.16388794252982353
34.5,0.009480568373114605,Pressure Outlet,7.936636396007915,689476.0,N/A,N/A,N/A,N/A,N/A
35.0,0.5164503696492833,Pressurant Tank,9.931915069202782,706437.4987392671,100,241.23439784247006,N/A,0.4965957534601391,N/A
35.0,0.5164503696492833,INTER1,9.80712220841824,697136.2083515561,12.73324446717833,241.07235292692474,0.003954740544366271,N/A,795.0414033022521
35.0,0.5164503696492833,Pipe,N/A,N/A,N/A,N/A,N/A,N/A,N/A
35.0,0.5164503696492833,INTER2,9.723243713444639,681987.7069403029,12.83735759468815,237.93999765909894,0.00395297568001585,N/A,801.1843434062251
35.0,0.5164503696492833,Chamber,8.80040527557239,673293.3207090703,N/A,258.8637090540131,N/A,0.4400202637786195,N/A
35.0,0.5164503696492833,INTER3,8.925656028316585,681473.4948026328,0.41829800952747326,258.3584377431979,0.00011823968830207669,N/A,0.7808754092519065
35.0,0.5164503696492833,Pipe,N/A,N/A,N/A,N/A,N/A,N/A,N/A
35.0,0.5164503696492833,INTER4,8.946903041731547,689479.9289029307,0.4182277323211824,260.7225819102726,0.00011850123867067424,N/A,0.7824712501147219
35.0,0.5164503696492833,critical_orifice,N/A,N/A,N/A,N/A,N/A,N/A,N/A
35.0,0.5164503696492833,INTER5,8.950278407326763,689484.8705187977,0.41858599129473956,260.628605712264,0.0001186474931040179,N/A,0.7841080791471801
35.0,0.5164503696492833,Pressure Outlet,7.936636396007915,689476.0,N/A,N/A,N/A,N/A,N/A
35.5,0.5164196436974107,Pressurant Tank,9.892367663759119,702445.7628828622,100,240.83502521720737,N/A,0.494618383187956,N/A
35.5,0.5164196436974107,INTER1,9.804620168834793,696091.4613459837,12.936737940558253,240.78005054044323,0.004016917261519051,N/A,820.4466377126896
35.5,0.5164196436974107,Pipe,N/A,N/A,N/A,N/A,N/A,N/A,N/A
35.5,0.5164196436974107,INTER2,9.72118193130635,683782.0092772582,13.047577920513675,238.5982343595151,0.004016856361527814,N/A,827.4635529894869
35.5,0.5164196436974107,Chamber,8.838752635489527,677451.9074679652,N/A,259.32691074461593,N/A,0.4419376317744764,N/A
35.5,0.5164196436974107,INTER3,8.906623225203633,681379.3194559716,-143.016267163704,258.86118642820765,-0.04033999603816258,N/A,91086.48897075435
35.5,0.5164196436974107,Pipe,N/A,N/A,N/A,N/A,N/A,N/A,N/A
35.5,0.5164196436974107,INTER4,8.93757320303907,684946.883322121,-143.51306043125734,259.3091209610802,-0.04062079041022094,N/A,92039.12220582442
35.5,0.5164196436974107,critical_orifice,N/A,N/A,N/A,N/A,N/A,N/A,N/A
35.5,0.5164196436974107,INTER5,8.973089601793681,688684.6150225673,-143.08518721765728,259.6879344096673,-0.040660621494293,N/A,91854.69532456237
35.5,0.5164196436974107,Pressure Outlet,7.936636396007915,689476.0,N/A,N/A,N/A,N/A,N/A
